[2023-05-28 11:16:07] local.INFO: start!App\Jobs\GenerateCatalog\GenerateCatalogMainJob  
[2023-05-28 11:16:07] local.INFO: done!App\Jobs\GenerateCatalog\GenerateCatalogCacheJob  
[2023-05-28 11:16:07] local.INFO: done!App\Jobs\GenerateCatalog\GenerateGoodsFileJob  
[2023-05-28 11:16:07] local.INFO: это файлнум:1А это продуктнам:{"0":"Phone","Paper":"500$","chair":"100$"}  
[2023-05-28 11:16:07] local.INFO: это файлнум:2А это продуктнам:{"sofa":"200$","table":"300$","TV":"5440$"}  
[2023-05-28 11:16:07] local.INFO: это файлнум:3А это продуктнам:{"mouse":"100$","Computer":"200$","adapter":"540$"}  
[2023-05-28 11:16:08] local.INFO: это файлнум:4А это продуктнам:{"pipe":"566$"}  
[2023-05-28 11:16:08] local.INFO: done!App\Jobs\GenerateCatalog\GenerateCategoriesJob  
[2023-05-28 11:16:08] local.INFO: done!App\Jobs\GenerateCatalog\GenerateDeliveriesJob  
[2023-05-28 11:16:08] local.INFO: done!App\Jobs\GenerateCatalog\GeneratePointsJob  
[2023-05-28 11:16:08] local.INFO: done!App\Jobs\GenerateCatalog\ArchiveUploadsJob  
[2023-05-28 11:16:08] local.INFO: done!App\Jobs\GenerateCatalog\SendPriceRequestJob  
[2023-05-28 11:17:01] local.INFO: start!App\Jobs\GenerateCatalog\GenerateCatalogMainJob  
[2023-05-28 11:17:01] local.INFO: done!App\Jobs\GenerateCatalog\GenerateCatalogCacheJob  
[2023-05-28 11:17:01] local.INFO: done!App\Jobs\GenerateCatalog\GenerateGoodsFileJob  
[2023-05-28 11:17:01] local.INFO: это файлнум:1А это продуктнам:{"0":"Phone","Paper":"500$","chair":"100$"}  
[2023-05-28 11:17:01] local.INFO: это файлнум:2А это продуктнам:{"sofa":"200$","table":"300$","TV":"5440$"}  
[2023-05-28 11:17:01] local.INFO: это файлнум:3А это продуктнам:{"mouse":"100$","Computer":"200$","adapter":"540$"}  
[2023-05-28 11:17:01] local.INFO: это файлнум:4А это продуктнам:{"pipe":"566$"}  
[2023-05-28 11:17:02] local.INFO: done!App\Jobs\GenerateCatalog\GenerateCategoriesJob  
[2023-05-28 11:17:02] local.INFO: done!App\Jobs\GenerateCatalog\GenerateDeliveriesJob  
[2023-05-28 11:17:02] local.INFO: done!App\Jobs\GenerateCatalog\GeneratePointsJob  
[2023-05-28 11:17:02] local.INFO: done!App\Jobs\GenerateCatalog\ArchiveUploadsJob  
[2023-05-28 11:17:02] local.INFO: done!App\Jobs\GenerateCatalog\SendPriceRequestJob  
[2023-05-28 11:18:10] local.INFO: start!App\Jobs\GenerateCatalog\GenerateCatalogMainJob  
[2023-05-28 11:18:10] local.INFO: done!App\Jobs\GenerateCatalog\GenerateCatalogCacheJob  
[2023-05-28 11:18:10] local.INFO: done!App\Jobs\GenerateCatalog\GenerateGoodsFileJob  
[2023-05-28 11:36:41] local.INFO: start!App\Jobs\GenerateCatalog\GenerateCatalogMainJob  
[2023-05-28 11:36:41] local.INFO: done!App\Jobs\GenerateCatalog\GenerateCatalogCacheJob  
[2023-05-28 11:36:41] local.INFO: done!App\Jobs\GenerateCatalog\GenerateGoodsFileJob  
[2023-05-28 11:36:41] local.INFO: это файлнум:1А это продуктнам:{"0":"Phone","Paper":"500$","chair":"100$"}  
[2023-05-28 11:36:42] local.INFO: это файлнум:2А это продуктнам:{"sofa":"200$","table":"300$","TV":"5440$"}  
[2023-05-28 11:36:42] local.INFO: это файлнум:3А это продуктнам:{"mouse":"100$","Computer":"200$","adapter":"540$"}  
[2023-05-28 11:36:42] local.INFO: это файлнум:4А это продуктнам:{"pipe":"566$"}  
[2023-05-28 11:36:42] local.INFO: done!App\Jobs\GenerateCatalog\GenerateCategoriesJob  
[2023-05-28 11:36:42] local.INFO: done!App\Jobs\GenerateCatalog\GenerateDeliveriesJob  
[2023-05-28 11:36:42] local.INFO: done!App\Jobs\GenerateCatalog\GeneratePointsJob  
[2023-05-28 11:36:42] local.INFO: done!App\Jobs\GenerateCatalog\ArchiveUploadsJob  
[2023-05-28 11:36:43] local.INFO: done!App\Jobs\GenerateCatalog\SendPriceRequestJob  
[2023-05-28 11:45:56] local.ERROR: The process "'/opt/homebrew/Cellar/php/8.2.5/bin/php' 'artisan' 'queue:work' '--once' '--name=default' '--queue=generate-catalog' '--backoff=0' '--memory=128' '--sleep=3' '--tries=3'" exceeded the timeout of 60 seconds. {"exception":"[object] (Symfony\\Component\\Process\\Exception\\ProcessTimedOutException(code: 0): The process \"'/opt/homebrew/Cellar/php/8.2.5/bin/php' 'artisan' 'queue:work' '--once' '--name=default' '--queue=generate-catalog' '--backoff=0' '--memory=128' '--sleep=3' '--tries=3'\" exceeded the timeout of 60 seconds. at /Users/nomoreerrors/Documents/Afanasev-laravel/Laravel2000/laravel2000/vendor/symfony/process/Process.php:1154)
[stacktrace]
#0 /Users/nomoreerrors/Documents/Afanasev-laravel/Laravel2000/laravel2000/vendor/symfony/process/Process.php(423): Symfony\\Component\\Process\\Process->checkTimeout()
#1 /Users/nomoreerrors/Documents/Afanasev-laravel/Laravel2000/laravel2000/vendor/symfony/process/Process.php(249): Symfony\\Component\\Process\\Process->wait()
#2 /Users/nomoreerrors/Documents/Afanasev-laravel/Laravel2000/laravel2000/vendor/laravel/framework/src/Illuminate/Queue/Listener.php(179): Symfony\\Component\\Process\\Process->run(Object(Closure))
#3 /Users/nomoreerrors/Documents/Afanasev-laravel/Laravel2000/laravel2000/vendor/laravel/framework/src/Illuminate/Queue/Listener.php(90): Illuminate\\Queue\\Listener->runProcess(Object(Symfony\\Component\\Process\\Process), '128')
#4 /Users/nomoreerrors/Documents/Afanasev-laravel/Laravel2000/laravel2000/vendor/laravel/framework/src/Illuminate/Queue/Console/ListenCommand.php(74): Illuminate\\Queue\\Listener->listen(NULL, 'generate-catalo...', Object(Illuminate\\Queue\\ListenerOptions))
#5 /Users/nomoreerrors/Documents/Afanasev-laravel/Laravel2000/laravel2000/vendor/laravel/framework/src/Illuminate/Container/BoundMethod.php(36): Illuminate\\Queue\\Console\\ListenCommand->handle()
#6 /Users/nomoreerrors/Documents/Afanasev-laravel/Laravel2000/laravel2000/vendor/laravel/framework/src/Illuminate/Container/Util.php(41): Illuminate\\Container\\BoundMethod::Illuminate\\Container\\{closure}()
#7 /Users/nomoreerrors/Documents/Afanasev-laravel/Laravel2000/laravel2000/vendor/laravel/framework/src/Illuminate/Container/BoundMethod.php(93): Illuminate\\Container\\Util::unwrapIfClosure(Object(Closure))
#8 /Users/nomoreerrors/Documents/Afanasev-laravel/Laravel2000/laravel2000/vendor/laravel/framework/src/Illuminate/Container/BoundMethod.php(35): Illuminate\\Container\\BoundMethod::callBoundMethod(Object(Illuminate\\Foundation\\Application), Array, Object(Closure))
#9 /Users/nomoreerrors/Documents/Afanasev-laravel/Laravel2000/laravel2000/vendor/laravel/framework/src/Illuminate/Container/Container.php(662): Illuminate\\Container\\BoundMethod::call(Object(Illuminate\\Foundation\\Application), Array, Array, NULL)
#10 /Users/nomoreerrors/Documents/Afanasev-laravel/Laravel2000/laravel2000/vendor/laravel/framework/src/Illuminate/Console/Command.php(194): Illuminate\\Container\\Container->call(Array)
#11 /Users/nomoreerrors/Documents/Afanasev-laravel/Laravel2000/laravel2000/vendor/symfony/console/Command/Command.php(312): Illuminate\\Console\\Command->execute(Object(Symfony\\Component\\Console\\Input\\ArgvInput), Object(Illuminate\\Console\\OutputStyle))
#12 /Users/nomoreerrors/Documents/Afanasev-laravel/Laravel2000/laravel2000/vendor/laravel/framework/src/Illuminate/Console/Command.php(163): Symfony\\Component\\Console\\Command\\Command->run(Object(Symfony\\Component\\Console\\Input\\ArgvInput), Object(Illuminate\\Console\\OutputStyle))
#13 /Users/nomoreerrors/Documents/Afanasev-laravel/Laravel2000/laravel2000/vendor/symfony/console/Application.php(1040): Illuminate\\Console\\Command->run(Object(Symfony\\Component\\Console\\Input\\ArgvInput), Object(Symfony\\Component\\Console\\Output\\ConsoleOutput))
#14 /Users/nomoreerrors/Documents/Afanasev-laravel/Laravel2000/laravel2000/vendor/symfony/console/Application.php(314): Symfony\\Component\\Console\\Application->doRunCommand(Object(Illuminate\\Queue\\Console\\ListenCommand), Object(Symfony\\Component\\Console\\Input\\ArgvInput), Object(Symfony\\Component\\Console\\Output\\ConsoleOutput))
#15 /Users/nomoreerrors/Documents/Afanasev-laravel/Laravel2000/laravel2000/vendor/symfony/console/Application.php(168): Symfony\\Component\\Console\\Application->doRun(Object(Symfony\\Component\\Console\\Input\\ArgvInput), Object(Symfony\\Component\\Console\\Output\\ConsoleOutput))
#16 /Users/nomoreerrors/Documents/Afanasev-laravel/Laravel2000/laravel2000/vendor/laravel/framework/src/Illuminate/Foundation/Console/Kernel.php(200): Symfony\\Component\\Console\\Application->run(Object(Symfony\\Component\\Console\\Input\\ArgvInput), Object(Symfony\\Component\\Console\\Output\\ConsoleOutput))
#17 /Users/nomoreerrors/Documents/Afanasev-laravel/Laravel2000/laravel2000/artisan(35): Illuminate\\Foundation\\Console\\Kernel->handle(Object(Symfony\\Component\\Console\\Input\\ArgvInput), Object(Symfony\\Component\\Console\\Output\\ConsoleOutput))
#18 {main}
"} 
[2023-05-28 11:55:22] local.ERROR: syntax error, unexpected token "}" {"userId":61,"exception":"[object] (ParseError(code: 0): syntax error, unexpected token \"}\" at /Users/nomoreerrors/Documents/Afanasev-laravel/Laravel2000/laravel2000/app/Jobs/GenerateCatalog/GenerateCatalogMainJob.php:42)
[stacktrace]
#0 /Users/nomoreerrors/Documents/Afanasev-laravel/Laravel2000/laravel2000/vendor/composer/ClassLoader.php(433): Composer\\Autoload\\{closure}('/Users/nomoreer...')
#1 /Users/nomoreerrors/Documents/Afanasev-laravel/Laravel2000/laravel2000/app/Http/Controllers/Blog/Admin/BlogPostController.php(217): Composer\\Autoload\\ClassLoader->loadClass('App\\\\Jobs\\\\Genera...')
#2 /Users/nomoreerrors/Documents/Afanasev-laravel/Laravel2000/laravel2000/vendor/laravel/framework/src/Illuminate/Routing/Controller.php(54): App\\Http\\Controllers\\Blog\\Admin\\BlogPostController->prepareCatalog()
#3 /Users/nomoreerrors/Documents/Afanasev-laravel/Laravel2000/laravel2000/vendor/laravel/framework/src/Illuminate/Routing/ControllerDispatcher.php(43): Illuminate\\Routing\\Controller->callAction('prepareCatalog', Array)
#4 /Users/nomoreerrors/Documents/Afanasev-laravel/Laravel2000/laravel2000/vendor/laravel/framework/src/Illuminate/Routing/Route.php(259): Illuminate\\Routing\\ControllerDispatcher->dispatch(Object(Illuminate\\Routing\\Route), Object(App\\Http\\Controllers\\Blog\\Admin\\BlogPostController), 'prepareCatalog')
#5 /Users/nomoreerrors/Documents/Afanasev-laravel/Laravel2000/laravel2000/vendor/laravel/framework/src/Illuminate/Routing/Route.php(205): Illuminate\\Routing\\Route->runController()
#6 /Users/nomoreerrors/Documents/Afanasev-laravel/Laravel2000/laravel2000/vendor/laravel/framework/src/Illuminate/Routing/Router.php(798): Illuminate\\Routing\\Route->run()
#7 /Users/nomoreerrors/Documents/Afanasev-laravel/Laravel2000/laravel2000/vendor/laravel/framework/src/Illuminate/Pipeline/Pipeline.php(141): Illuminate\\Routing\\Router->Illuminate\\Routing\\{closure}(Object(Illuminate\\Http\\Request))
#8 /Users/nomoreerrors/Documents/Afanasev-laravel/Laravel2000/laravel2000/vendor/laravel/framework/src/Illuminate/Routing/Middleware/SubstituteBindings.php(50): Illuminate\\Pipeline\\Pipeline->Illuminate\\Pipeline\\{closure}(Object(Illuminate\\Http\\Request))
#9 /Users/nomoreerrors/Documents/Afanasev-laravel/Laravel2000/laravel2000/vendor/laravel/framework/src/Illuminate/Pipeline/Pipeline.php(180): Illuminate\\Routing\\Middleware\\SubstituteBindings->handle(Object(Illuminate\\Http\\Request), Object(Closure))
#10 /Users/nomoreerrors/Documents/Afanasev-laravel/Laravel2000/laravel2000/vendor/laravel/framework/src/Illuminate/Foundation/Http/Middleware/VerifyCsrfToken.php(78): Illuminate\\Pipeline\\Pipeline->Illuminate\\Pipeline\\{closure}(Object(Illuminate\\Http\\Request))
#11 /Users/nomoreerrors/Documents/Afanasev-laravel/Laravel2000/laravel2000/vendor/laravel/framework/src/Illuminate/Pipeline/Pipeline.php(180): Illuminate\\Foundation\\Http\\Middleware\\VerifyCsrfToken->handle(Object(Illuminate\\Http\\Request), Object(Closure))
#12 /Users/nomoreerrors/Documents/Afanasev-laravel/Laravel2000/laravel2000/vendor/laravel/framework/src/Illuminate/View/Middleware/ShareErrorsFromSession.php(49): Illuminate\\Pipeline\\Pipeline->Illuminate\\Pipeline\\{closure}(Object(Illuminate\\Http\\Request))
#13 /Users/nomoreerrors/Documents/Afanasev-laravel/Laravel2000/laravel2000/vendor/laravel/framework/src/Illuminate/Pipeline/Pipeline.php(180): Illuminate\\View\\Middleware\\ShareErrorsFromSession->handle(Object(Illuminate\\Http\\Request), Object(Closure))
#14 /Users/nomoreerrors/Documents/Afanasev-laravel/Laravel2000/laravel2000/vendor/laravel/framework/src/Illuminate/Session/Middleware/StartSession.php(121): Illuminate\\Pipeline\\Pipeline->Illuminate\\Pipeline\\{closure}(Object(Illuminate\\Http\\Request))
#15 /Users/nomoreerrors/Documents/Afanasev-laravel/Laravel2000/laravel2000/vendor/laravel/framework/src/Illuminate/Session/Middleware/StartSession.php(64): Illuminate\\Session\\Middleware\\StartSession->handleStatefulRequest(Object(Illuminate\\Http\\Request), Object(Illuminate\\Session\\Store), Object(Closure))
#16 /Users/nomoreerrors/Documents/Afanasev-laravel/Laravel2000/laravel2000/vendor/laravel/framework/src/Illuminate/Pipeline/Pipeline.php(180): Illuminate\\Session\\Middleware\\StartSession->handle(Object(Illuminate\\Http\\Request), Object(Closure))
#17 /Users/nomoreerrors/Documents/Afanasev-laravel/Laravel2000/laravel2000/vendor/laravel/framework/src/Illuminate/Cookie/Middleware/AddQueuedCookiesToResponse.php(37): Illuminate\\Pipeline\\Pipeline->Illuminate\\Pipeline\\{closure}(Object(Illuminate\\Http\\Request))
#18 /Users/nomoreerrors/Documents/Afanasev-laravel/Laravel2000/laravel2000/vendor/laravel/framework/src/Illuminate/Pipeline/Pipeline.php(180): Illuminate\\Cookie\\Middleware\\AddQueuedCookiesToResponse->handle(Object(Illuminate\\Http\\Request), Object(Closure))
#19 /Users/nomoreerrors/Documents/Afanasev-laravel/Laravel2000/laravel2000/vendor/laravel/framework/src/Illuminate/Cookie/Middleware/EncryptCookies.php(67): Illuminate\\Pipeline\\Pipeline->Illuminate\\Pipeline\\{closure}(Object(Illuminate\\Http\\Request))
#20 /Users/nomoreerrors/Documents/Afanasev-laravel/Laravel2000/laravel2000/vendor/laravel/framework/src/Illuminate/Pipeline/Pipeline.php(180): Illuminate\\Cookie\\Middleware\\EncryptCookies->handle(Object(Illuminate\\Http\\Request), Object(Closure))
#21 /Users/nomoreerrors/Documents/Afanasev-laravel/Laravel2000/laravel2000/vendor/laravel/framework/src/Illuminate/Pipeline/Pipeline.php(116): Illuminate\\Pipeline\\Pipeline->Illuminate\\Pipeline\\{closure}(Object(Illuminate\\Http\\Request))
#22 /Users/nomoreerrors/Documents/Afanasev-laravel/Laravel2000/laravel2000/vendor/laravel/framework/src/Illuminate/Routing/Router.php(797): Illuminate\\Pipeline\\Pipeline->then(Object(Closure))
#23 /Users/nomoreerrors/Documents/Afanasev-laravel/Laravel2000/laravel2000/vendor/laravel/framework/src/Illuminate/Routing/Router.php(776): Illuminate\\Routing\\Router->runRouteWithinStack(Object(Illuminate\\Routing\\Route), Object(Illuminate\\Http\\Request))
#24 /Users/nomoreerrors/Documents/Afanasev-laravel/Laravel2000/laravel2000/vendor/laravel/framework/src/Illuminate/Routing/Router.php(740): Illuminate\\Routing\\Router->runRoute(Object(Illuminate\\Http\\Request), Object(Illuminate\\Routing\\Route))
#25 /Users/nomoreerrors/Documents/Afanasev-laravel/Laravel2000/laravel2000/vendor/laravel/framework/src/Illuminate/Routing/Router.php(729): Illuminate\\Routing\\Router->dispatchToRoute(Object(Illuminate\\Http\\Request))
#26 /Users/nomoreerrors/Documents/Afanasev-laravel/Laravel2000/laravel2000/vendor/laravel/framework/src/Illuminate/Foundation/Http/Kernel.php(200): Illuminate\\Routing\\Router->dispatch(Object(Illuminate\\Http\\Request))
#27 /Users/nomoreerrors/Documents/Afanasev-laravel/Laravel2000/laravel2000/vendor/laravel/framework/src/Illuminate/Pipeline/Pipeline.php(141): Illuminate\\Foundation\\Http\\Kernel->Illuminate\\Foundation\\Http\\{closure}(Object(Illuminate\\Http\\Request))
#28 /Users/nomoreerrors/Documents/Afanasev-laravel/Laravel2000/laravel2000/vendor/barryvdh/laravel-debugbar/src/Middleware/InjectDebugbar.php(66): Illuminate\\Pipeline\\Pipeline->Illuminate\\Pipeline\\{closure}(Object(Illuminate\\Http\\Request))
#29 /Users/nomoreerrors/Documents/Afanasev-laravel/Laravel2000/laravel2000/vendor/laravel/framework/src/Illuminate/Pipeline/Pipeline.php(180): Barryvdh\\Debugbar\\Middleware\\InjectDebugbar->handle(Object(Illuminate\\Http\\Request), Object(Closure))
#30 /Users/nomoreerrors/Documents/Afanasev-laravel/Laravel2000/laravel2000/vendor/laravel/framework/src/Illuminate/Foundation/Http/Middleware/TransformsRequest.php(21): Illuminate\\Pipeline\\Pipeline->Illuminate\\Pipeline\\{closure}(Object(Illuminate\\Http\\Request))
#31 /Users/nomoreerrors/Documents/Afanasev-laravel/Laravel2000/laravel2000/vendor/laravel/framework/src/Illuminate/Foundation/Http/Middleware/ConvertEmptyStringsToNull.php(31): Illuminate\\Foundation\\Http\\Middleware\\TransformsRequest->handle(Object(Illuminate\\Http\\Request), Object(Closure))
#32 /Users/nomoreerrors/Documents/Afanasev-laravel/Laravel2000/laravel2000/vendor/laravel/framework/src/Illuminate/Pipeline/Pipeline.php(180): Illuminate\\Foundation\\Http\\Middleware\\ConvertEmptyStringsToNull->handle(Object(Illuminate\\Http\\Request), Object(Closure))
#33 /Users/nomoreerrors/Documents/Afanasev-laravel/Laravel2000/laravel2000/vendor/laravel/framework/src/Illuminate/Foundation/Http/Middleware/TransformsRequest.php(21): Illuminate\\Pipeline\\Pipeline->Illuminate\\Pipeline\\{closure}(Object(Illuminate\\Http\\Request))
#34 /Users/nomoreerrors/Documents/Afanasev-laravel/Laravel2000/laravel2000/vendor/laravel/framework/src/Illuminate/Foundation/Http/Middleware/TrimStrings.php(40): Illuminate\\Foundation\\Http\\Middleware\\TransformsRequest->handle(Object(Illuminate\\Http\\Request), Object(Closure))
#35 /Users/nomoreerrors/Documents/Afanasev-laravel/Laravel2000/laravel2000/vendor/laravel/framework/src/Illuminate/Pipeline/Pipeline.php(180): Illuminate\\Foundation\\Http\\Middleware\\TrimStrings->handle(Object(Illuminate\\Http\\Request), Object(Closure))
#36 /Users/nomoreerrors/Documents/Afanasev-laravel/Laravel2000/laravel2000/vendor/laravel/framework/src/Illuminate/Foundation/Http/Middleware/ValidatePostSize.php(27): Illuminate\\Pipeline\\Pipeline->Illuminate\\Pipeline\\{closure}(Object(Illuminate\\Http\\Request))
#37 /Users/nomoreerrors/Documents/Afanasev-laravel/Laravel2000/laravel2000/vendor/laravel/framework/src/Illuminate/Pipeline/Pipeline.php(180): Illuminate\\Foundation\\Http\\Middleware\\ValidatePostSize->handle(Object(Illuminate\\Http\\Request), Object(Closure))
#38 /Users/nomoreerrors/Documents/Afanasev-laravel/Laravel2000/laravel2000/vendor/laravel/framework/src/Illuminate/Foundation/Http/Middleware/PreventRequestsDuringMaintenance.php(86): Illuminate\\Pipeline\\Pipeline->Illuminate\\Pipeline\\{closure}(Object(Illuminate\\Http\\Request))
#39 /Users/nomoreerrors/Documents/Afanasev-laravel/Laravel2000/laravel2000/vendor/laravel/framework/src/Illuminate/Pipeline/Pipeline.php(180): Illuminate\\Foundation\\Http\\Middleware\\PreventRequestsDuringMaintenance->handle(Object(Illuminate\\Http\\Request), Object(Closure))
#40 /Users/nomoreerrors/Documents/Afanasev-laravel/Laravel2000/laravel2000/vendor/laravel/framework/src/Illuminate/Http/Middleware/HandleCors.php(49): Illuminate\\Pipeline\\Pipeline->Illuminate\\Pipeline\\{closure}(Object(Illuminate\\Http\\Request))
#41 /Users/nomoreerrors/Documents/Afanasev-laravel/Laravel2000/laravel2000/vendor/laravel/framework/src/Illuminate/Pipeline/Pipeline.php(180): Illuminate\\Http\\Middleware\\HandleCors->handle(Object(Illuminate\\Http\\Request), Object(Closure))
#42 /Users/nomoreerrors/Documents/Afanasev-laravel/Laravel2000/laravel2000/vendor/laravel/framework/src/Illuminate/Http/Middleware/TrustProxies.php(39): Illuminate\\Pipeline\\Pipeline->Illuminate\\Pipeline\\{closure}(Object(Illuminate\\Http\\Request))
#43 /Users/nomoreerrors/Documents/Afanasev-laravel/Laravel2000/laravel2000/vendor/laravel/framework/src/Illuminate/Pipeline/Pipeline.php(180): Illuminate\\Http\\Middleware\\TrustProxies->handle(Object(Illuminate\\Http\\Request), Object(Closure))
#44 /Users/nomoreerrors/Documents/Afanasev-laravel/Laravel2000/laravel2000/vendor/laravel/framework/src/Illuminate/Pipeline/Pipeline.php(116): Illuminate\\Pipeline\\Pipeline->Illuminate\\Pipeline\\{closure}(Object(Illuminate\\Http\\Request))
#45 /Users/nomoreerrors/Documents/Afanasev-laravel/Laravel2000/laravel2000/vendor/laravel/framework/src/Illuminate/Foundation/Http/Kernel.php(175): Illuminate\\Pipeline\\Pipeline->then(Object(Closure))
#46 /Users/nomoreerrors/Documents/Afanasev-laravel/Laravel2000/laravel2000/vendor/laravel/framework/src/Illuminate/Foundation/Http/Kernel.php(144): Illuminate\\Foundation\\Http\\Kernel->sendRequestThroughRouter(Object(Illuminate\\Http\\Request))
#47 /Users/nomoreerrors/Documents/Afanasev-laravel/Laravel2000/laravel2000/public/index.php(51): Illuminate\\Foundation\\Http\\Kernel->handle(Object(Illuminate\\Http\\Request))
#48 /Users/nomoreerrors/Documents/Afanasev-laravel/Laravel2000/laravel2000/vendor/laravel/framework/src/Illuminate/Foundation/resources/server.php(16): require_once('/Users/nomoreer...')
#49 {main}
"} 
[2023-05-28 11:55:40] local.INFO: start!App\Jobs\GenerateCatalog\GenerateCatalogMainJob  
[2023-05-28 11:56:49] local.INFO: start!App\Jobs\GenerateCatalog\GenerateCatalogMainJob  
[2023-05-28 11:57:27] local.INFO: start!App\Jobs\GenerateCatalog\GenerateCatalogMainJob  
[2023-05-28 11:57:27] local.INFO: done!App\Jobs\GenerateCatalog\GenerateCatalogCacheJob  
[2023-05-28 11:57:27] local.ERROR: Attempt to assign property "chained" on array {"exception":"[object] (Error(code: 0): Attempt to assign property \"chained\" on array at /Users/nomoreerrors/Documents/Afanasev-laravel/Laravel2000/laravel2000/vendor/laravel/framework/src/Illuminate/Bus/Queueable.php:252)
[stacktrace]
#0 /Users/nomoreerrors/Documents/Afanasev-laravel/Laravel2000/laravel2000/vendor/laravel/framework/src/Illuminate/Support/helpers.php(306): App\\Jobs\\GenerateCatalog\\AbstractJob->Illuminate\\Bus\\{closure}(Array)
#1 /Users/nomoreerrors/Documents/Afanasev-laravel/Laravel2000/laravel2000/vendor/laravel/framework/src/Illuminate/Bus/Queueable.php(251): tap(Array, Object(Closure))
#2 /Users/nomoreerrors/Documents/Afanasev-laravel/Laravel2000/laravel2000/vendor/laravel/framework/src/Illuminate/Queue/CallQueuedHandler.php(172): App\\Jobs\\GenerateCatalog\\AbstractJob->dispatchNextJobInChain()
#3 /Users/nomoreerrors/Documents/Afanasev-laravel/Laravel2000/laravel2000/vendor/laravel/framework/src/Illuminate/Queue/CallQueuedHandler.php(77): Illuminate\\Queue\\CallQueuedHandler->ensureNextJobInChainIsDispatched(Object(App\\Jobs\\GenerateCatalog\\GenerateCatalogCacheJob))
#4 /Users/nomoreerrors/Documents/Afanasev-laravel/Laravel2000/laravel2000/vendor/laravel/framework/src/Illuminate/Queue/Jobs/Job.php(98): Illuminate\\Queue\\CallQueuedHandler->call(Object(Illuminate\\Queue\\Jobs\\DatabaseJob), Array)
#5 /Users/nomoreerrors/Documents/Afanasev-laravel/Laravel2000/laravel2000/vendor/laravel/framework/src/Illuminate/Queue/Worker.php(434): Illuminate\\Queue\\Jobs\\Job->fire()
#6 /Users/nomoreerrors/Documents/Afanasev-laravel/Laravel2000/laravel2000/vendor/laravel/framework/src/Illuminate/Queue/Worker.php(384): Illuminate\\Queue\\Worker->process('database', Object(Illuminate\\Queue\\Jobs\\DatabaseJob), Object(Illuminate\\Queue\\WorkerOptions))
#7 /Users/nomoreerrors/Documents/Afanasev-laravel/Laravel2000/laravel2000/vendor/laravel/framework/src/Illuminate/Queue/Worker.php(328): Illuminate\\Queue\\Worker->runJob(Object(Illuminate\\Queue\\Jobs\\DatabaseJob), 'database', Object(Illuminate\\Queue\\WorkerOptions))
#8 /Users/nomoreerrors/Documents/Afanasev-laravel/Laravel2000/laravel2000/vendor/laravel/framework/src/Illuminate/Queue/Console/WorkCommand.php(136): Illuminate\\Queue\\Worker->runNextJob('database', 'generate-catalo...', Object(Illuminate\\Queue\\WorkerOptions))
#9 /Users/nomoreerrors/Documents/Afanasev-laravel/Laravel2000/laravel2000/vendor/laravel/framework/src/Illuminate/Queue/Console/WorkCommand.php(119): Illuminate\\Queue\\Console\\WorkCommand->runWorker('database', 'generate-catalo...')
#10 /Users/nomoreerrors/Documents/Afanasev-laravel/Laravel2000/laravel2000/vendor/laravel/framework/src/Illuminate/Container/BoundMethod.php(36): Illuminate\\Queue\\Console\\WorkCommand->handle()
#11 /Users/nomoreerrors/Documents/Afanasev-laravel/Laravel2000/laravel2000/vendor/laravel/framework/src/Illuminate/Container/Util.php(41): Illuminate\\Container\\BoundMethod::Illuminate\\Container\\{closure}()
#12 /Users/nomoreerrors/Documents/Afanasev-laravel/Laravel2000/laravel2000/vendor/laravel/framework/src/Illuminate/Container/BoundMethod.php(93): Illuminate\\Container\\Util::unwrapIfClosure(Object(Closure))
#13 /Users/nomoreerrors/Documents/Afanasev-laravel/Laravel2000/laravel2000/vendor/laravel/framework/src/Illuminate/Container/BoundMethod.php(35): Illuminate\\Container\\BoundMethod::callBoundMethod(Object(Illuminate\\Foundation\\Application), Array, Object(Closure))
#14 /Users/nomoreerrors/Documents/Afanasev-laravel/Laravel2000/laravel2000/vendor/laravel/framework/src/Illuminate/Container/Container.php(662): Illuminate\\Container\\BoundMethod::call(Object(Illuminate\\Foundation\\Application), Array, Array, NULL)
#15 /Users/nomoreerrors/Documents/Afanasev-laravel/Laravel2000/laravel2000/vendor/laravel/framework/src/Illuminate/Console/Command.php(194): Illuminate\\Container\\Container->call(Array)
#16 /Users/nomoreerrors/Documents/Afanasev-laravel/Laravel2000/laravel2000/vendor/symfony/console/Command/Command.php(312): Illuminate\\Console\\Command->execute(Object(Symfony\\Component\\Console\\Input\\ArgvInput), Object(Illuminate\\Console\\OutputStyle))
#17 /Users/nomoreerrors/Documents/Afanasev-laravel/Laravel2000/laravel2000/vendor/laravel/framework/src/Illuminate/Console/Command.php(163): Symfony\\Component\\Console\\Command\\Command->run(Object(Symfony\\Component\\Console\\Input\\ArgvInput), Object(Illuminate\\Console\\OutputStyle))
#18 /Users/nomoreerrors/Documents/Afanasev-laravel/Laravel2000/laravel2000/vendor/symfony/console/Application.php(1040): Illuminate\\Console\\Command->run(Object(Symfony\\Component\\Console\\Input\\ArgvInput), Object(Symfony\\Component\\Console\\Output\\ConsoleOutput))
#19 /Users/nomoreerrors/Documents/Afanasev-laravel/Laravel2000/laravel2000/vendor/symfony/console/Application.php(314): Symfony\\Component\\Console\\Application->doRunCommand(Object(Illuminate\\Queue\\Console\\WorkCommand), Object(Symfony\\Component\\Console\\Input\\ArgvInput), Object(Symfony\\Component\\Console\\Output\\ConsoleOutput))
#20 /Users/nomoreerrors/Documents/Afanasev-laravel/Laravel2000/laravel2000/vendor/symfony/console/Application.php(168): Symfony\\Component\\Console\\Application->doRun(Object(Symfony\\Component\\Console\\Input\\ArgvInput), Object(Symfony\\Component\\Console\\Output\\ConsoleOutput))
#21 /Users/nomoreerrors/Documents/Afanasev-laravel/Laravel2000/laravel2000/vendor/laravel/framework/src/Illuminate/Foundation/Console/Kernel.php(200): Symfony\\Component\\Console\\Application->run(Object(Symfony\\Component\\Console\\Input\\ArgvInput), Object(Symfony\\Component\\Console\\Output\\ConsoleOutput))
#22 /Users/nomoreerrors/Documents/Afanasev-laravel/Laravel2000/laravel2000/artisan(35): Illuminate\\Foundation\\Console\\Kernel->handle(Object(Symfony\\Component\\Console\\Input\\ArgvInput), Object(Symfony\\Component\\Console\\Output\\ConsoleOutput))
#23 {main}
"} 
[2023-05-28 11:57:27] local.INFO: done!App\Jobs\GenerateCatalog\GenerateCatalogCacheJob  
[2023-05-28 11:57:27] local.ERROR: Attempt to assign property "chained" on array {"exception":"[object] (Error(code: 0): Attempt to assign property \"chained\" on array at /Users/nomoreerrors/Documents/Afanasev-laravel/Laravel2000/laravel2000/vendor/laravel/framework/src/Illuminate/Bus/Queueable.php:252)
[stacktrace]
#0 /Users/nomoreerrors/Documents/Afanasev-laravel/Laravel2000/laravel2000/vendor/laravel/framework/src/Illuminate/Support/helpers.php(306): App\\Jobs\\GenerateCatalog\\AbstractJob->Illuminate\\Bus\\{closure}(Array)
#1 /Users/nomoreerrors/Documents/Afanasev-laravel/Laravel2000/laravel2000/vendor/laravel/framework/src/Illuminate/Bus/Queueable.php(251): tap(Array, Object(Closure))
#2 /Users/nomoreerrors/Documents/Afanasev-laravel/Laravel2000/laravel2000/vendor/laravel/framework/src/Illuminate/Queue/CallQueuedHandler.php(172): App\\Jobs\\GenerateCatalog\\AbstractJob->dispatchNextJobInChain()
#3 /Users/nomoreerrors/Documents/Afanasev-laravel/Laravel2000/laravel2000/vendor/laravel/framework/src/Illuminate/Queue/CallQueuedHandler.php(77): Illuminate\\Queue\\CallQueuedHandler->ensureNextJobInChainIsDispatched(Object(App\\Jobs\\GenerateCatalog\\GenerateCatalogCacheJob))
#4 /Users/nomoreerrors/Documents/Afanasev-laravel/Laravel2000/laravel2000/vendor/laravel/framework/src/Illuminate/Queue/Jobs/Job.php(98): Illuminate\\Queue\\CallQueuedHandler->call(Object(Illuminate\\Queue\\Jobs\\DatabaseJob), Array)
#5 /Users/nomoreerrors/Documents/Afanasev-laravel/Laravel2000/laravel2000/vendor/laravel/framework/src/Illuminate/Queue/Worker.php(434): Illuminate\\Queue\\Jobs\\Job->fire()
#6 /Users/nomoreerrors/Documents/Afanasev-laravel/Laravel2000/laravel2000/vendor/laravel/framework/src/Illuminate/Queue/Worker.php(384): Illuminate\\Queue\\Worker->process('database', Object(Illuminate\\Queue\\Jobs\\DatabaseJob), Object(Illuminate\\Queue\\WorkerOptions))
#7 /Users/nomoreerrors/Documents/Afanasev-laravel/Laravel2000/laravel2000/vendor/laravel/framework/src/Illuminate/Queue/Worker.php(328): Illuminate\\Queue\\Worker->runJob(Object(Illuminate\\Queue\\Jobs\\DatabaseJob), 'database', Object(Illuminate\\Queue\\WorkerOptions))
#8 /Users/nomoreerrors/Documents/Afanasev-laravel/Laravel2000/laravel2000/vendor/laravel/framework/src/Illuminate/Queue/Console/WorkCommand.php(136): Illuminate\\Queue\\Worker->runNextJob('database', 'generate-catalo...', Object(Illuminate\\Queue\\WorkerOptions))
#9 /Users/nomoreerrors/Documents/Afanasev-laravel/Laravel2000/laravel2000/vendor/laravel/framework/src/Illuminate/Queue/Console/WorkCommand.php(119): Illuminate\\Queue\\Console\\WorkCommand->runWorker('database', 'generate-catalo...')
#10 /Users/nomoreerrors/Documents/Afanasev-laravel/Laravel2000/laravel2000/vendor/laravel/framework/src/Illuminate/Container/BoundMethod.php(36): Illuminate\\Queue\\Console\\WorkCommand->handle()
#11 /Users/nomoreerrors/Documents/Afanasev-laravel/Laravel2000/laravel2000/vendor/laravel/framework/src/Illuminate/Container/Util.php(41): Illuminate\\Container\\BoundMethod::Illuminate\\Container\\{closure}()
#12 /Users/nomoreerrors/Documents/Afanasev-laravel/Laravel2000/laravel2000/vendor/laravel/framework/src/Illuminate/Container/BoundMethod.php(93): Illuminate\\Container\\Util::unwrapIfClosure(Object(Closure))
#13 /Users/nomoreerrors/Documents/Afanasev-laravel/Laravel2000/laravel2000/vendor/laravel/framework/src/Illuminate/Container/BoundMethod.php(35): Illuminate\\Container\\BoundMethod::callBoundMethod(Object(Illuminate\\Foundation\\Application), Array, Object(Closure))
#14 /Users/nomoreerrors/Documents/Afanasev-laravel/Laravel2000/laravel2000/vendor/laravel/framework/src/Illuminate/Container/Container.php(662): Illuminate\\Container\\BoundMethod::call(Object(Illuminate\\Foundation\\Application), Array, Array, NULL)
#15 /Users/nomoreerrors/Documents/Afanasev-laravel/Laravel2000/laravel2000/vendor/laravel/framework/src/Illuminate/Console/Command.php(194): Illuminate\\Container\\Container->call(Array)
#16 /Users/nomoreerrors/Documents/Afanasev-laravel/Laravel2000/laravel2000/vendor/symfony/console/Command/Command.php(312): Illuminate\\Console\\Command->execute(Object(Symfony\\Component\\Console\\Input\\ArgvInput), Object(Illuminate\\Console\\OutputStyle))
#17 /Users/nomoreerrors/Documents/Afanasev-laravel/Laravel2000/laravel2000/vendor/laravel/framework/src/Illuminate/Console/Command.php(163): Symfony\\Component\\Console\\Command\\Command->run(Object(Symfony\\Component\\Console\\Input\\ArgvInput), Object(Illuminate\\Console\\OutputStyle))
#18 /Users/nomoreerrors/Documents/Afanasev-laravel/Laravel2000/laravel2000/vendor/symfony/console/Application.php(1040): Illuminate\\Console\\Command->run(Object(Symfony\\Component\\Console\\Input\\ArgvInput), Object(Symfony\\Component\\Console\\Output\\ConsoleOutput))
#19 /Users/nomoreerrors/Documents/Afanasev-laravel/Laravel2000/laravel2000/vendor/symfony/console/Application.php(314): Symfony\\Component\\Console\\Application->doRunCommand(Object(Illuminate\\Queue\\Console\\WorkCommand), Object(Symfony\\Component\\Console\\Input\\ArgvInput), Object(Symfony\\Component\\Console\\Output\\ConsoleOutput))
#20 /Users/nomoreerrors/Documents/Afanasev-laravel/Laravel2000/laravel2000/vendor/symfony/console/Application.php(168): Symfony\\Component\\Console\\Application->doRun(Object(Symfony\\Component\\Console\\Input\\ArgvInput), Object(Symfony\\Component\\Console\\Output\\ConsoleOutput))
#21 /Users/nomoreerrors/Documents/Afanasev-laravel/Laravel2000/laravel2000/vendor/laravel/framework/src/Illuminate/Foundation/Console/Kernel.php(200): Symfony\\Component\\Console\\Application->run(Object(Symfony\\Component\\Console\\Input\\ArgvInput), Object(Symfony\\Component\\Console\\Output\\ConsoleOutput))
#22 /Users/nomoreerrors/Documents/Afanasev-laravel/Laravel2000/laravel2000/artisan(35): Illuminate\\Foundation\\Console\\Kernel->handle(Object(Symfony\\Component\\Console\\Input\\ArgvInput), Object(Symfony\\Component\\Console\\Output\\ConsoleOutput))
#23 {main}
"} 
[2023-05-28 11:57:27] local.INFO: done!App\Jobs\GenerateCatalog\GenerateCatalogCacheJob  
[2023-05-28 11:57:27] local.ERROR: Attempt to assign property "chained" on array {"exception":"[object] (Error(code: 0): Attempt to assign property \"chained\" on array at /Users/nomoreerrors/Documents/Afanasev-laravel/Laravel2000/laravel2000/vendor/laravel/framework/src/Illuminate/Bus/Queueable.php:252)
[stacktrace]
#0 /Users/nomoreerrors/Documents/Afanasev-laravel/Laravel2000/laravel2000/vendor/laravel/framework/src/Illuminate/Support/helpers.php(306): App\\Jobs\\GenerateCatalog\\AbstractJob->Illuminate\\Bus\\{closure}(Array)
#1 /Users/nomoreerrors/Documents/Afanasev-laravel/Laravel2000/laravel2000/vendor/laravel/framework/src/Illuminate/Bus/Queueable.php(251): tap(Array, Object(Closure))
#2 /Users/nomoreerrors/Documents/Afanasev-laravel/Laravel2000/laravel2000/vendor/laravel/framework/src/Illuminate/Queue/CallQueuedHandler.php(172): App\\Jobs\\GenerateCatalog\\AbstractJob->dispatchNextJobInChain()
#3 /Users/nomoreerrors/Documents/Afanasev-laravel/Laravel2000/laravel2000/vendor/laravel/framework/src/Illuminate/Queue/CallQueuedHandler.php(77): Illuminate\\Queue\\CallQueuedHandler->ensureNextJobInChainIsDispatched(Object(App\\Jobs\\GenerateCatalog\\GenerateCatalogCacheJob))
#4 /Users/nomoreerrors/Documents/Afanasev-laravel/Laravel2000/laravel2000/vendor/laravel/framework/src/Illuminate/Queue/Jobs/Job.php(98): Illuminate\\Queue\\CallQueuedHandler->call(Object(Illuminate\\Queue\\Jobs\\DatabaseJob), Array)
#5 /Users/nomoreerrors/Documents/Afanasev-laravel/Laravel2000/laravel2000/vendor/laravel/framework/src/Illuminate/Queue/Worker.php(434): Illuminate\\Queue\\Jobs\\Job->fire()
#6 /Users/nomoreerrors/Documents/Afanasev-laravel/Laravel2000/laravel2000/vendor/laravel/framework/src/Illuminate/Queue/Worker.php(384): Illuminate\\Queue\\Worker->process('database', Object(Illuminate\\Queue\\Jobs\\DatabaseJob), Object(Illuminate\\Queue\\WorkerOptions))
#7 /Users/nomoreerrors/Documents/Afanasev-laravel/Laravel2000/laravel2000/vendor/laravel/framework/src/Illuminate/Queue/Worker.php(328): Illuminate\\Queue\\Worker->runJob(Object(Illuminate\\Queue\\Jobs\\DatabaseJob), 'database', Object(Illuminate\\Queue\\WorkerOptions))
#8 /Users/nomoreerrors/Documents/Afanasev-laravel/Laravel2000/laravel2000/vendor/laravel/framework/src/Illuminate/Queue/Console/WorkCommand.php(136): Illuminate\\Queue\\Worker->runNextJob('database', 'generate-catalo...', Object(Illuminate\\Queue\\WorkerOptions))
#9 /Users/nomoreerrors/Documents/Afanasev-laravel/Laravel2000/laravel2000/vendor/laravel/framework/src/Illuminate/Queue/Console/WorkCommand.php(119): Illuminate\\Queue\\Console\\WorkCommand->runWorker('database', 'generate-catalo...')
#10 /Users/nomoreerrors/Documents/Afanasev-laravel/Laravel2000/laravel2000/vendor/laravel/framework/src/Illuminate/Container/BoundMethod.php(36): Illuminate\\Queue\\Console\\WorkCommand->handle()
#11 /Users/nomoreerrors/Documents/Afanasev-laravel/Laravel2000/laravel2000/vendor/laravel/framework/src/Illuminate/Container/Util.php(41): Illuminate\\Container\\BoundMethod::Illuminate\\Container\\{closure}()
#12 /Users/nomoreerrors/Documents/Afanasev-laravel/Laravel2000/laravel2000/vendor/laravel/framework/src/Illuminate/Container/BoundMethod.php(93): Illuminate\\Container\\Util::unwrapIfClosure(Object(Closure))
#13 /Users/nomoreerrors/Documents/Afanasev-laravel/Laravel2000/laravel2000/vendor/laravel/framework/src/Illuminate/Container/BoundMethod.php(35): Illuminate\\Container\\BoundMethod::callBoundMethod(Object(Illuminate\\Foundation\\Application), Array, Object(Closure))
#14 /Users/nomoreerrors/Documents/Afanasev-laravel/Laravel2000/laravel2000/vendor/laravel/framework/src/Illuminate/Container/Container.php(662): Illuminate\\Container\\BoundMethod::call(Object(Illuminate\\Foundation\\Application), Array, Array, NULL)
#15 /Users/nomoreerrors/Documents/Afanasev-laravel/Laravel2000/laravel2000/vendor/laravel/framework/src/Illuminate/Console/Command.php(194): Illuminate\\Container\\Container->call(Array)
#16 /Users/nomoreerrors/Documents/Afanasev-laravel/Laravel2000/laravel2000/vendor/symfony/console/Command/Command.php(312): Illuminate\\Console\\Command->execute(Object(Symfony\\Component\\Console\\Input\\ArgvInput), Object(Illuminate\\Console\\OutputStyle))
#17 /Users/nomoreerrors/Documents/Afanasev-laravel/Laravel2000/laravel2000/vendor/laravel/framework/src/Illuminate/Console/Command.php(163): Symfony\\Component\\Console\\Command\\Command->run(Object(Symfony\\Component\\Console\\Input\\ArgvInput), Object(Illuminate\\Console\\OutputStyle))
#18 /Users/nomoreerrors/Documents/Afanasev-laravel/Laravel2000/laravel2000/vendor/symfony/console/Application.php(1040): Illuminate\\Console\\Command->run(Object(Symfony\\Component\\Console\\Input\\ArgvInput), Object(Symfony\\Component\\Console\\Output\\ConsoleOutput))
#19 /Users/nomoreerrors/Documents/Afanasev-laravel/Laravel2000/laravel2000/vendor/symfony/console/Application.php(314): Symfony\\Component\\Console\\Application->doRunCommand(Object(Illuminate\\Queue\\Console\\WorkCommand), Object(Symfony\\Component\\Console\\Input\\ArgvInput), Object(Symfony\\Component\\Console\\Output\\ConsoleOutput))
#20 /Users/nomoreerrors/Documents/Afanasev-laravel/Laravel2000/laravel2000/vendor/symfony/console/Application.php(168): Symfony\\Component\\Console\\Application->doRun(Object(Symfony\\Component\\Console\\Input\\ArgvInput), Object(Symfony\\Component\\Console\\Output\\ConsoleOutput))
#21 /Users/nomoreerrors/Documents/Afanasev-laravel/Laravel2000/laravel2000/vendor/laravel/framework/src/Illuminate/Foundation/Console/Kernel.php(200): Symfony\\Component\\Console\\Application->run(Object(Symfony\\Component\\Console\\Input\\ArgvInput), Object(Symfony\\Component\\Console\\Output\\ConsoleOutput))
#22 /Users/nomoreerrors/Documents/Afanasev-laravel/Laravel2000/laravel2000/artisan(35): Illuminate\\Foundation\\Console\\Kernel->handle(Object(Symfony\\Component\\Console\\Input\\ArgvInput), Object(Symfony\\Component\\Console\\Output\\ConsoleOutput))
#23 {main}
"} 
[2023-05-28 11:58:42] local.INFO: start!App\Jobs\GenerateCatalog\GenerateCatalogMainJob  
[2023-05-28 11:58:42] local.INFO: done!App\Jobs\GenerateCatalog\GenerateCatalogCacheJob  
[2023-05-28 11:58:42] local.INFO: done!App\Jobs\GenerateCatalog\GenerateCategoriesJob  
[2023-05-28 11:58:42] local.INFO: done!App\Jobs\GenerateCatalog\GenerateDeliveriesJob  
[2023-05-28 11:58:42] local.INFO: done!App\Jobs\GenerateCatalog\GeneratePointsJob  
[2023-05-28 11:58:42] local.INFO: done!App\Jobs\GenerateCatalog\ArchiveUploadsJob  
[2023-05-28 11:58:42] local.INFO: done!App\Jobs\GenerateCatalog\SendPriceRequestJob  
[2023-05-28 11:58:42] local.INFO: done!App\Jobs\GenerateCatalog\GenerateGoodsFileJob  
[2023-05-28 12:07:14] local.INFO: start!App\Jobs\GenerateCatalog\GenerateCatalogMainJob  
[2023-05-28 12:07:14] local.INFO: done!App\Jobs\GenerateCatalog\GenerateCatalogCacheJob  
[2023-05-28 12:07:14] local.ERROR: Attempt to assign property "chained" on array {"exception":"[object] (Error(code: 0): Attempt to assign property \"chained\" on array at /Users/nomoreerrors/Documents/Afanasev-laravel/Laravel2000/laravel2000/vendor/laravel/framework/src/Illuminate/Bus/Queueable.php:252)
[stacktrace]
#0 /Users/nomoreerrors/Documents/Afanasev-laravel/Laravel2000/laravel2000/vendor/laravel/framework/src/Illuminate/Support/helpers.php(306): App\\Jobs\\GenerateCatalog\\AbstractJob->Illuminate\\Bus\\{closure}(Array)
#1 /Users/nomoreerrors/Documents/Afanasev-laravel/Laravel2000/laravel2000/vendor/laravel/framework/src/Illuminate/Bus/Queueable.php(251): tap(Array, Object(Closure))
#2 /Users/nomoreerrors/Documents/Afanasev-laravel/Laravel2000/laravel2000/vendor/laravel/framework/src/Illuminate/Queue/CallQueuedHandler.php(172): App\\Jobs\\GenerateCatalog\\AbstractJob->dispatchNextJobInChain()
#3 /Users/nomoreerrors/Documents/Afanasev-laravel/Laravel2000/laravel2000/vendor/laravel/framework/src/Illuminate/Queue/CallQueuedHandler.php(77): Illuminate\\Queue\\CallQueuedHandler->ensureNextJobInChainIsDispatched(Object(App\\Jobs\\GenerateCatalog\\GenerateCatalogCacheJob))
#4 /Users/nomoreerrors/Documents/Afanasev-laravel/Laravel2000/laravel2000/vendor/laravel/framework/src/Illuminate/Queue/Jobs/Job.php(98): Illuminate\\Queue\\CallQueuedHandler->call(Object(Illuminate\\Queue\\Jobs\\DatabaseJob), Array)
#5 /Users/nomoreerrors/Documents/Afanasev-laravel/Laravel2000/laravel2000/vendor/laravel/framework/src/Illuminate/Queue/Worker.php(434): Illuminate\\Queue\\Jobs\\Job->fire()
#6 /Users/nomoreerrors/Documents/Afanasev-laravel/Laravel2000/laravel2000/vendor/laravel/framework/src/Illuminate/Queue/Worker.php(384): Illuminate\\Queue\\Worker->process('database', Object(Illuminate\\Queue\\Jobs\\DatabaseJob), Object(Illuminate\\Queue\\WorkerOptions))
#7 /Users/nomoreerrors/Documents/Afanasev-laravel/Laravel2000/laravel2000/vendor/laravel/framework/src/Illuminate/Queue/Worker.php(328): Illuminate\\Queue\\Worker->runJob(Object(Illuminate\\Queue\\Jobs\\DatabaseJob), 'database', Object(Illuminate\\Queue\\WorkerOptions))
#8 /Users/nomoreerrors/Documents/Afanasev-laravel/Laravel2000/laravel2000/vendor/laravel/framework/src/Illuminate/Queue/Console/WorkCommand.php(136): Illuminate\\Queue\\Worker->runNextJob('database', 'generate-catalo...', Object(Illuminate\\Queue\\WorkerOptions))
#9 /Users/nomoreerrors/Documents/Afanasev-laravel/Laravel2000/laravel2000/vendor/laravel/framework/src/Illuminate/Queue/Console/WorkCommand.php(119): Illuminate\\Queue\\Console\\WorkCommand->runWorker('database', 'generate-catalo...')
#10 /Users/nomoreerrors/Documents/Afanasev-laravel/Laravel2000/laravel2000/vendor/laravel/framework/src/Illuminate/Container/BoundMethod.php(36): Illuminate\\Queue\\Console\\WorkCommand->handle()
#11 /Users/nomoreerrors/Documents/Afanasev-laravel/Laravel2000/laravel2000/vendor/laravel/framework/src/Illuminate/Container/Util.php(41): Illuminate\\Container\\BoundMethod::Illuminate\\Container\\{closure}()
#12 /Users/nomoreerrors/Documents/Afanasev-laravel/Laravel2000/laravel2000/vendor/laravel/framework/src/Illuminate/Container/BoundMethod.php(93): Illuminate\\Container\\Util::unwrapIfClosure(Object(Closure))
#13 /Users/nomoreerrors/Documents/Afanasev-laravel/Laravel2000/laravel2000/vendor/laravel/framework/src/Illuminate/Container/BoundMethod.php(35): Illuminate\\Container\\BoundMethod::callBoundMethod(Object(Illuminate\\Foundation\\Application), Array, Object(Closure))
#14 /Users/nomoreerrors/Documents/Afanasev-laravel/Laravel2000/laravel2000/vendor/laravel/framework/src/Illuminate/Container/Container.php(662): Illuminate\\Container\\BoundMethod::call(Object(Illuminate\\Foundation\\Application), Array, Array, NULL)
#15 /Users/nomoreerrors/Documents/Afanasev-laravel/Laravel2000/laravel2000/vendor/laravel/framework/src/Illuminate/Console/Command.php(194): Illuminate\\Container\\Container->call(Array)
#16 /Users/nomoreerrors/Documents/Afanasev-laravel/Laravel2000/laravel2000/vendor/symfony/console/Command/Command.php(312): Illuminate\\Console\\Command->execute(Object(Symfony\\Component\\Console\\Input\\ArgvInput), Object(Illuminate\\Console\\OutputStyle))
#17 /Users/nomoreerrors/Documents/Afanasev-laravel/Laravel2000/laravel2000/vendor/laravel/framework/src/Illuminate/Console/Command.php(163): Symfony\\Component\\Console\\Command\\Command->run(Object(Symfony\\Component\\Console\\Input\\ArgvInput), Object(Illuminate\\Console\\OutputStyle))
#18 /Users/nomoreerrors/Documents/Afanasev-laravel/Laravel2000/laravel2000/vendor/symfony/console/Application.php(1040): Illuminate\\Console\\Command->run(Object(Symfony\\Component\\Console\\Input\\ArgvInput), Object(Symfony\\Component\\Console\\Output\\ConsoleOutput))
#19 /Users/nomoreerrors/Documents/Afanasev-laravel/Laravel2000/laravel2000/vendor/symfony/console/Application.php(314): Symfony\\Component\\Console\\Application->doRunCommand(Object(Illuminate\\Queue\\Console\\WorkCommand), Object(Symfony\\Component\\Console\\Input\\ArgvInput), Object(Symfony\\Component\\Console\\Output\\ConsoleOutput))
#20 /Users/nomoreerrors/Documents/Afanasev-laravel/Laravel2000/laravel2000/vendor/symfony/console/Application.php(168): Symfony\\Component\\Console\\Application->doRun(Object(Symfony\\Component\\Console\\Input\\ArgvInput), Object(Symfony\\Component\\Console\\Output\\ConsoleOutput))
#21 /Users/nomoreerrors/Documents/Afanasev-laravel/Laravel2000/laravel2000/vendor/laravel/framework/src/Illuminate/Foundation/Console/Kernel.php(200): Symfony\\Component\\Console\\Application->run(Object(Symfony\\Component\\Console\\Input\\ArgvInput), Object(Symfony\\Component\\Console\\Output\\ConsoleOutput))
#22 /Users/nomoreerrors/Documents/Afanasev-laravel/Laravel2000/laravel2000/artisan(35): Illuminate\\Foundation\\Console\\Kernel->handle(Object(Symfony\\Component\\Console\\Input\\ArgvInput), Object(Symfony\\Component\\Console\\Output\\ConsoleOutput))
#23 {main}
"} 
[2023-05-28 12:07:14] local.INFO: done!App\Jobs\GenerateCatalog\GenerateCatalogCacheJob  
[2023-05-28 12:07:14] local.ERROR: Attempt to assign property "chained" on array {"exception":"[object] (Error(code: 0): Attempt to assign property \"chained\" on array at /Users/nomoreerrors/Documents/Afanasev-laravel/Laravel2000/laravel2000/vendor/laravel/framework/src/Illuminate/Bus/Queueable.php:252)
[stacktrace]
#0 /Users/nomoreerrors/Documents/Afanasev-laravel/Laravel2000/laravel2000/vendor/laravel/framework/src/Illuminate/Support/helpers.php(306): App\\Jobs\\GenerateCatalog\\AbstractJob->Illuminate\\Bus\\{closure}(Array)
#1 /Users/nomoreerrors/Documents/Afanasev-laravel/Laravel2000/laravel2000/vendor/laravel/framework/src/Illuminate/Bus/Queueable.php(251): tap(Array, Object(Closure))
#2 /Users/nomoreerrors/Documents/Afanasev-laravel/Laravel2000/laravel2000/vendor/laravel/framework/src/Illuminate/Queue/CallQueuedHandler.php(172): App\\Jobs\\GenerateCatalog\\AbstractJob->dispatchNextJobInChain()
#3 /Users/nomoreerrors/Documents/Afanasev-laravel/Laravel2000/laravel2000/vendor/laravel/framework/src/Illuminate/Queue/CallQueuedHandler.php(77): Illuminate\\Queue\\CallQueuedHandler->ensureNextJobInChainIsDispatched(Object(App\\Jobs\\GenerateCatalog\\GenerateCatalogCacheJob))
#4 /Users/nomoreerrors/Documents/Afanasev-laravel/Laravel2000/laravel2000/vendor/laravel/framework/src/Illuminate/Queue/Jobs/Job.php(98): Illuminate\\Queue\\CallQueuedHandler->call(Object(Illuminate\\Queue\\Jobs\\DatabaseJob), Array)
#5 /Users/nomoreerrors/Documents/Afanasev-laravel/Laravel2000/laravel2000/vendor/laravel/framework/src/Illuminate/Queue/Worker.php(434): Illuminate\\Queue\\Jobs\\Job->fire()
#6 /Users/nomoreerrors/Documents/Afanasev-laravel/Laravel2000/laravel2000/vendor/laravel/framework/src/Illuminate/Queue/Worker.php(384): Illuminate\\Queue\\Worker->process('database', Object(Illuminate\\Queue\\Jobs\\DatabaseJob), Object(Illuminate\\Queue\\WorkerOptions))
#7 /Users/nomoreerrors/Documents/Afanasev-laravel/Laravel2000/laravel2000/vendor/laravel/framework/src/Illuminate/Queue/Worker.php(328): Illuminate\\Queue\\Worker->runJob(Object(Illuminate\\Queue\\Jobs\\DatabaseJob), 'database', Object(Illuminate\\Queue\\WorkerOptions))
#8 /Users/nomoreerrors/Documents/Afanasev-laravel/Laravel2000/laravel2000/vendor/laravel/framework/src/Illuminate/Queue/Console/WorkCommand.php(136): Illuminate\\Queue\\Worker->runNextJob('database', 'generate-catalo...', Object(Illuminate\\Queue\\WorkerOptions))
#9 /Users/nomoreerrors/Documents/Afanasev-laravel/Laravel2000/laravel2000/vendor/laravel/framework/src/Illuminate/Queue/Console/WorkCommand.php(119): Illuminate\\Queue\\Console\\WorkCommand->runWorker('database', 'generate-catalo...')
#10 /Users/nomoreerrors/Documents/Afanasev-laravel/Laravel2000/laravel2000/vendor/laravel/framework/src/Illuminate/Container/BoundMethod.php(36): Illuminate\\Queue\\Console\\WorkCommand->handle()
#11 /Users/nomoreerrors/Documents/Afanasev-laravel/Laravel2000/laravel2000/vendor/laravel/framework/src/Illuminate/Container/Util.php(41): Illuminate\\Container\\BoundMethod::Illuminate\\Container\\{closure}()
#12 /Users/nomoreerrors/Documents/Afanasev-laravel/Laravel2000/laravel2000/vendor/laravel/framework/src/Illuminate/Container/BoundMethod.php(93): Illuminate\\Container\\Util::unwrapIfClosure(Object(Closure))
#13 /Users/nomoreerrors/Documents/Afanasev-laravel/Laravel2000/laravel2000/vendor/laravel/framework/src/Illuminate/Container/BoundMethod.php(35): Illuminate\\Container\\BoundMethod::callBoundMethod(Object(Illuminate\\Foundation\\Application), Array, Object(Closure))
#14 /Users/nomoreerrors/Documents/Afanasev-laravel/Laravel2000/laravel2000/vendor/laravel/framework/src/Illuminate/Container/Container.php(662): Illuminate\\Container\\BoundMethod::call(Object(Illuminate\\Foundation\\Application), Array, Array, NULL)
#15 /Users/nomoreerrors/Documents/Afanasev-laravel/Laravel2000/laravel2000/vendor/laravel/framework/src/Illuminate/Console/Command.php(194): Illuminate\\Container\\Container->call(Array)
#16 /Users/nomoreerrors/Documents/Afanasev-laravel/Laravel2000/laravel2000/vendor/symfony/console/Command/Command.php(312): Illuminate\\Console\\Command->execute(Object(Symfony\\Component\\Console\\Input\\ArgvInput), Object(Illuminate\\Console\\OutputStyle))
#17 /Users/nomoreerrors/Documents/Afanasev-laravel/Laravel2000/laravel2000/vendor/laravel/framework/src/Illuminate/Console/Command.php(163): Symfony\\Component\\Console\\Command\\Command->run(Object(Symfony\\Component\\Console\\Input\\ArgvInput), Object(Illuminate\\Console\\OutputStyle))
#18 /Users/nomoreerrors/Documents/Afanasev-laravel/Laravel2000/laravel2000/vendor/symfony/console/Application.php(1040): Illuminate\\Console\\Command->run(Object(Symfony\\Component\\Console\\Input\\ArgvInput), Object(Symfony\\Component\\Console\\Output\\ConsoleOutput))
#19 /Users/nomoreerrors/Documents/Afanasev-laravel/Laravel2000/laravel2000/vendor/symfony/console/Application.php(314): Symfony\\Component\\Console\\Application->doRunCommand(Object(Illuminate\\Queue\\Console\\WorkCommand), Object(Symfony\\Component\\Console\\Input\\ArgvInput), Object(Symfony\\Component\\Console\\Output\\ConsoleOutput))
#20 /Users/nomoreerrors/Documents/Afanasev-laravel/Laravel2000/laravel2000/vendor/symfony/console/Application.php(168): Symfony\\Component\\Console\\Application->doRun(Object(Symfony\\Component\\Console\\Input\\ArgvInput), Object(Symfony\\Component\\Console\\Output\\ConsoleOutput))
#21 /Users/nomoreerrors/Documents/Afanasev-laravel/Laravel2000/laravel2000/vendor/laravel/framework/src/Illuminate/Foundation/Console/Kernel.php(200): Symfony\\Component\\Console\\Application->run(Object(Symfony\\Component\\Console\\Input\\ArgvInput), Object(Symfony\\Component\\Console\\Output\\ConsoleOutput))
#22 /Users/nomoreerrors/Documents/Afanasev-laravel/Laravel2000/laravel2000/artisan(35): Illuminate\\Foundation\\Console\\Kernel->handle(Object(Symfony\\Component\\Console\\Input\\ArgvInput), Object(Symfony\\Component\\Console\\Output\\ConsoleOutput))
#23 {main}
"} 
[2023-05-28 12:07:14] local.INFO: done!App\Jobs\GenerateCatalog\GenerateCatalogCacheJob  
[2023-05-28 12:07:14] local.ERROR: Attempt to assign property "chained" on array {"exception":"[object] (Error(code: 0): Attempt to assign property \"chained\" on array at /Users/nomoreerrors/Documents/Afanasev-laravel/Laravel2000/laravel2000/vendor/laravel/framework/src/Illuminate/Bus/Queueable.php:252)
[stacktrace]
#0 /Users/nomoreerrors/Documents/Afanasev-laravel/Laravel2000/laravel2000/vendor/laravel/framework/src/Illuminate/Support/helpers.php(306): App\\Jobs\\GenerateCatalog\\AbstractJob->Illuminate\\Bus\\{closure}(Array)
#1 /Users/nomoreerrors/Documents/Afanasev-laravel/Laravel2000/laravel2000/vendor/laravel/framework/src/Illuminate/Bus/Queueable.php(251): tap(Array, Object(Closure))
#2 /Users/nomoreerrors/Documents/Afanasev-laravel/Laravel2000/laravel2000/vendor/laravel/framework/src/Illuminate/Queue/CallQueuedHandler.php(172): App\\Jobs\\GenerateCatalog\\AbstractJob->dispatchNextJobInChain()
#3 /Users/nomoreerrors/Documents/Afanasev-laravel/Laravel2000/laravel2000/vendor/laravel/framework/src/Illuminate/Queue/CallQueuedHandler.php(77): Illuminate\\Queue\\CallQueuedHandler->ensureNextJobInChainIsDispatched(Object(App\\Jobs\\GenerateCatalog\\GenerateCatalogCacheJob))
#4 /Users/nomoreerrors/Documents/Afanasev-laravel/Laravel2000/laravel2000/vendor/laravel/framework/src/Illuminate/Queue/Jobs/Job.php(98): Illuminate\\Queue\\CallQueuedHandler->call(Object(Illuminate\\Queue\\Jobs\\DatabaseJob), Array)
#5 /Users/nomoreerrors/Documents/Afanasev-laravel/Laravel2000/laravel2000/vendor/laravel/framework/src/Illuminate/Queue/Worker.php(434): Illuminate\\Queue\\Jobs\\Job->fire()
#6 /Users/nomoreerrors/Documents/Afanasev-laravel/Laravel2000/laravel2000/vendor/laravel/framework/src/Illuminate/Queue/Worker.php(384): Illuminate\\Queue\\Worker->process('database', Object(Illuminate\\Queue\\Jobs\\DatabaseJob), Object(Illuminate\\Queue\\WorkerOptions))
#7 /Users/nomoreerrors/Documents/Afanasev-laravel/Laravel2000/laravel2000/vendor/laravel/framework/src/Illuminate/Queue/Worker.php(328): Illuminate\\Queue\\Worker->runJob(Object(Illuminate\\Queue\\Jobs\\DatabaseJob), 'database', Object(Illuminate\\Queue\\WorkerOptions))
#8 /Users/nomoreerrors/Documents/Afanasev-laravel/Laravel2000/laravel2000/vendor/laravel/framework/src/Illuminate/Queue/Console/WorkCommand.php(136): Illuminate\\Queue\\Worker->runNextJob('database', 'generate-catalo...', Object(Illuminate\\Queue\\WorkerOptions))
#9 /Users/nomoreerrors/Documents/Afanasev-laravel/Laravel2000/laravel2000/vendor/laravel/framework/src/Illuminate/Queue/Console/WorkCommand.php(119): Illuminate\\Queue\\Console\\WorkCommand->runWorker('database', 'generate-catalo...')
#10 /Users/nomoreerrors/Documents/Afanasev-laravel/Laravel2000/laravel2000/vendor/laravel/framework/src/Illuminate/Container/BoundMethod.php(36): Illuminate\\Queue\\Console\\WorkCommand->handle()
#11 /Users/nomoreerrors/Documents/Afanasev-laravel/Laravel2000/laravel2000/vendor/laravel/framework/src/Illuminate/Container/Util.php(41): Illuminate\\Container\\BoundMethod::Illuminate\\Container\\{closure}()
#12 /Users/nomoreerrors/Documents/Afanasev-laravel/Laravel2000/laravel2000/vendor/laravel/framework/src/Illuminate/Container/BoundMethod.php(93): Illuminate\\Container\\Util::unwrapIfClosure(Object(Closure))
#13 /Users/nomoreerrors/Documents/Afanasev-laravel/Laravel2000/laravel2000/vendor/laravel/framework/src/Illuminate/Container/BoundMethod.php(35): Illuminate\\Container\\BoundMethod::callBoundMethod(Object(Illuminate\\Foundation\\Application), Array, Object(Closure))
#14 /Users/nomoreerrors/Documents/Afanasev-laravel/Laravel2000/laravel2000/vendor/laravel/framework/src/Illuminate/Container/Container.php(662): Illuminate\\Container\\BoundMethod::call(Object(Illuminate\\Foundation\\Application), Array, Array, NULL)
#15 /Users/nomoreerrors/Documents/Afanasev-laravel/Laravel2000/laravel2000/vendor/laravel/framework/src/Illuminate/Console/Command.php(194): Illuminate\\Container\\Container->call(Array)
#16 /Users/nomoreerrors/Documents/Afanasev-laravel/Laravel2000/laravel2000/vendor/symfony/console/Command/Command.php(312): Illuminate\\Console\\Command->execute(Object(Symfony\\Component\\Console\\Input\\ArgvInput), Object(Illuminate\\Console\\OutputStyle))
#17 /Users/nomoreerrors/Documents/Afanasev-laravel/Laravel2000/laravel2000/vendor/laravel/framework/src/Illuminate/Console/Command.php(163): Symfony\\Component\\Console\\Command\\Command->run(Object(Symfony\\Component\\Console\\Input\\ArgvInput), Object(Illuminate\\Console\\OutputStyle))
#18 /Users/nomoreerrors/Documents/Afanasev-laravel/Laravel2000/laravel2000/vendor/symfony/console/Application.php(1040): Illuminate\\Console\\Command->run(Object(Symfony\\Component\\Console\\Input\\ArgvInput), Object(Symfony\\Component\\Console\\Output\\ConsoleOutput))
#19 /Users/nomoreerrors/Documents/Afanasev-laravel/Laravel2000/laravel2000/vendor/symfony/console/Application.php(314): Symfony\\Component\\Console\\Application->doRunCommand(Object(Illuminate\\Queue\\Console\\WorkCommand), Object(Symfony\\Component\\Console\\Input\\ArgvInput), Object(Symfony\\Component\\Console\\Output\\ConsoleOutput))
#20 /Users/nomoreerrors/Documents/Afanasev-laravel/Laravel2000/laravel2000/vendor/symfony/console/Application.php(168): Symfony\\Component\\Console\\Application->doRun(Object(Symfony\\Component\\Console\\Input\\ArgvInput), Object(Symfony\\Component\\Console\\Output\\ConsoleOutput))
#21 /Users/nomoreerrors/Documents/Afanasev-laravel/Laravel2000/laravel2000/vendor/laravel/framework/src/Illuminate/Foundation/Console/Kernel.php(200): Symfony\\Component\\Console\\Application->run(Object(Symfony\\Component\\Console\\Input\\ArgvInput), Object(Symfony\\Component\\Console\\Output\\ConsoleOutput))
#22 /Users/nomoreerrors/Documents/Afanasev-laravel/Laravel2000/laravel2000/artisan(35): Illuminate\\Foundation\\Console\\Kernel->handle(Object(Symfony\\Component\\Console\\Input\\ArgvInput), Object(Symfony\\Component\\Console\\Output\\ConsoleOutput))
#23 {main}
"} 
[2023-05-28 12:07:33] local.INFO: start!App\Jobs\GenerateCatalog\GenerateCatalogMainJob  
[2023-05-28 12:07:33] local.INFO: done!App\Jobs\GenerateCatalog\GenerateCatalogCacheJob  
[2023-05-28 12:07:33] local.INFO: done!App\Jobs\GenerateCatalog\GenerateCategoriesJob  
[2023-05-28 12:07:33] local.INFO: done!App\Jobs\GenerateCatalog\GenerateDeliveriesJob  
[2023-05-28 12:07:34] local.INFO: done!App\Jobs\GenerateCatalog\GeneratePointsJob  
[2023-05-28 12:07:34] local.INFO: done!App\Jobs\GenerateCatalog\ArchiveUploadsJob  
[2023-05-28 12:07:34] local.INFO: done!App\Jobs\GenerateCatalog\SendPriceRequestJob  
[2023-05-28 12:07:34] local.INFO: done!App\Jobs\GenerateCatalog\GenerateGoodsFileJob  
[2023-05-28 12:13:25] local.INFO: start!App\Jobs\GenerateCatalog\GenerateCatalogMainJob  
[2023-05-28 12:13:25] local.INFO: это файлнум:1А это продуктнам:{"0":"Phone","Paper":"500$","chair":"100$"}  
[2023-05-28 12:13:25] local.INFO: это файлнум:2А это продуктнам:{"sofa":"200$","table":"300$","TV":"5440$"}  
[2023-05-28 12:13:25] local.INFO: это файлнум:3А это продуктнам:{"mouse":"100$","Computer":"200$","adapter":"540$"}  
[2023-05-28 12:13:25] local.INFO: это файлнум:4А это продуктнам:{"pipe":"566$"}  
[2023-05-28 12:22:23] local.ERROR: The process "'/opt/homebrew/Cellar/php/8.2.5/bin/php' 'artisan' 'queue:work' '--once' '--name=default' '--queue=generate-catalog' '--backoff=0' '--memory=128' '--sleep=3' '--tries=3'" exceeded the timeout of 60 seconds. {"exception":"[object] (Symfony\\Component\\Process\\Exception\\ProcessTimedOutException(code: 0): The process \"'/opt/homebrew/Cellar/php/8.2.5/bin/php' 'artisan' 'queue:work' '--once' '--name=default' '--queue=generate-catalog' '--backoff=0' '--memory=128' '--sleep=3' '--tries=3'\" exceeded the timeout of 60 seconds. at /Users/nomoreerrors/Documents/Afanasev-laravel/Laravel2000/laravel2000/vendor/symfony/process/Process.php:1154)
[stacktrace]
#0 /Users/nomoreerrors/Documents/Afanasev-laravel/Laravel2000/laravel2000/vendor/symfony/process/Process.php(423): Symfony\\Component\\Process\\Process->checkTimeout()
#1 /Users/nomoreerrors/Documents/Afanasev-laravel/Laravel2000/laravel2000/vendor/symfony/process/Process.php(249): Symfony\\Component\\Process\\Process->wait()
#2 /Users/nomoreerrors/Documents/Afanasev-laravel/Laravel2000/laravel2000/vendor/laravel/framework/src/Illuminate/Queue/Listener.php(179): Symfony\\Component\\Process\\Process->run(Object(Closure))
#3 /Users/nomoreerrors/Documents/Afanasev-laravel/Laravel2000/laravel2000/vendor/laravel/framework/src/Illuminate/Queue/Listener.php(90): Illuminate\\Queue\\Listener->runProcess(Object(Symfony\\Component\\Process\\Process), '128')
#4 /Users/nomoreerrors/Documents/Afanasev-laravel/Laravel2000/laravel2000/vendor/laravel/framework/src/Illuminate/Queue/Console/ListenCommand.php(74): Illuminate\\Queue\\Listener->listen(NULL, 'generate-catalo...', Object(Illuminate\\Queue\\ListenerOptions))
#5 /Users/nomoreerrors/Documents/Afanasev-laravel/Laravel2000/laravel2000/vendor/laravel/framework/src/Illuminate/Container/BoundMethod.php(36): Illuminate\\Queue\\Console\\ListenCommand->handle()
#6 /Users/nomoreerrors/Documents/Afanasev-laravel/Laravel2000/laravel2000/vendor/laravel/framework/src/Illuminate/Container/Util.php(41): Illuminate\\Container\\BoundMethod::Illuminate\\Container\\{closure}()
#7 /Users/nomoreerrors/Documents/Afanasev-laravel/Laravel2000/laravel2000/vendor/laravel/framework/src/Illuminate/Container/BoundMethod.php(93): Illuminate\\Container\\Util::unwrapIfClosure(Object(Closure))
#8 /Users/nomoreerrors/Documents/Afanasev-laravel/Laravel2000/laravel2000/vendor/laravel/framework/src/Illuminate/Container/BoundMethod.php(35): Illuminate\\Container\\BoundMethod::callBoundMethod(Object(Illuminate\\Foundation\\Application), Array, Object(Closure))
#9 /Users/nomoreerrors/Documents/Afanasev-laravel/Laravel2000/laravel2000/vendor/laravel/framework/src/Illuminate/Container/Container.php(662): Illuminate\\Container\\BoundMethod::call(Object(Illuminate\\Foundation\\Application), Array, Array, NULL)
#10 /Users/nomoreerrors/Documents/Afanasev-laravel/Laravel2000/laravel2000/vendor/laravel/framework/src/Illuminate/Console/Command.php(194): Illuminate\\Container\\Container->call(Array)
#11 /Users/nomoreerrors/Documents/Afanasev-laravel/Laravel2000/laravel2000/vendor/symfony/console/Command/Command.php(312): Illuminate\\Console\\Command->execute(Object(Symfony\\Component\\Console\\Input\\ArgvInput), Object(Illuminate\\Console\\OutputStyle))
#12 /Users/nomoreerrors/Documents/Afanasev-laravel/Laravel2000/laravel2000/vendor/laravel/framework/src/Illuminate/Console/Command.php(163): Symfony\\Component\\Console\\Command\\Command->run(Object(Symfony\\Component\\Console\\Input\\ArgvInput), Object(Illuminate\\Console\\OutputStyle))
#13 /Users/nomoreerrors/Documents/Afanasev-laravel/Laravel2000/laravel2000/vendor/symfony/console/Application.php(1040): Illuminate\\Console\\Command->run(Object(Symfony\\Component\\Console\\Input\\ArgvInput), Object(Symfony\\Component\\Console\\Output\\ConsoleOutput))
#14 /Users/nomoreerrors/Documents/Afanasev-laravel/Laravel2000/laravel2000/vendor/symfony/console/Application.php(314): Symfony\\Component\\Console\\Application->doRunCommand(Object(Illuminate\\Queue\\Console\\ListenCommand), Object(Symfony\\Component\\Console\\Input\\ArgvInput), Object(Symfony\\Component\\Console\\Output\\ConsoleOutput))
#15 /Users/nomoreerrors/Documents/Afanasev-laravel/Laravel2000/laravel2000/vendor/symfony/console/Application.php(168): Symfony\\Component\\Console\\Application->doRun(Object(Symfony\\Component\\Console\\Input\\ArgvInput), Object(Symfony\\Component\\Console\\Output\\ConsoleOutput))
#16 /Users/nomoreerrors/Documents/Afanasev-laravel/Laravel2000/laravel2000/vendor/laravel/framework/src/Illuminate/Foundation/Console/Kernel.php(200): Symfony\\Component\\Console\\Application->run(Object(Symfony\\Component\\Console\\Input\\ArgvInput), Object(Symfony\\Component\\Console\\Output\\ConsoleOutput))
#17 /Users/nomoreerrors/Documents/Afanasev-laravel/Laravel2000/laravel2000/artisan(35): Illuminate\\Foundation\\Console\\Kernel->handle(Object(Symfony\\Component\\Console\\Input\\ArgvInput), Object(Symfony\\Component\\Console\\Output\\ConsoleOutput))
#18 {main}
"} 
[2023-05-28 12:24:25] local.INFO: start!App\Jobs\GenerateCatalog\GenerateCatalogMainJob  
[2023-05-28 12:24:25] local.INFO: done!App\Jobs\GenerateCatalog\GenerateCatalogCacheJob  
[2023-05-28 12:24:25] local.ERROR: Attempt to assign property "chained" on array {"exception":"[object] (Error(code: 0): Attempt to assign property \"chained\" on array at /Users/nomoreerrors/Documents/Afanasev-laravel/Laravel2000/laravel2000/vendor/laravel/framework/src/Illuminate/Bus/Queueable.php:252)
[stacktrace]
#0 /Users/nomoreerrors/Documents/Afanasev-laravel/Laravel2000/laravel2000/vendor/laravel/framework/src/Illuminate/Support/helpers.php(306): App\\Jobs\\GenerateCatalog\\AbstractJob->Illuminate\\Bus\\{closure}(Array)
#1 /Users/nomoreerrors/Documents/Afanasev-laravel/Laravel2000/laravel2000/vendor/laravel/framework/src/Illuminate/Bus/Queueable.php(251): tap(Array, Object(Closure))
#2 /Users/nomoreerrors/Documents/Afanasev-laravel/Laravel2000/laravel2000/vendor/laravel/framework/src/Illuminate/Queue/CallQueuedHandler.php(172): App\\Jobs\\GenerateCatalog\\AbstractJob->dispatchNextJobInChain()
#3 /Users/nomoreerrors/Documents/Afanasev-laravel/Laravel2000/laravel2000/vendor/laravel/framework/src/Illuminate/Queue/CallQueuedHandler.php(77): Illuminate\\Queue\\CallQueuedHandler->ensureNextJobInChainIsDispatched(Object(App\\Jobs\\GenerateCatalog\\GenerateCatalogCacheJob))
#4 /Users/nomoreerrors/Documents/Afanasev-laravel/Laravel2000/laravel2000/vendor/laravel/framework/src/Illuminate/Queue/Jobs/Job.php(98): Illuminate\\Queue\\CallQueuedHandler->call(Object(Illuminate\\Queue\\Jobs\\DatabaseJob), Array)
#5 /Users/nomoreerrors/Documents/Afanasev-laravel/Laravel2000/laravel2000/vendor/laravel/framework/src/Illuminate/Queue/Worker.php(434): Illuminate\\Queue\\Jobs\\Job->fire()
#6 /Users/nomoreerrors/Documents/Afanasev-laravel/Laravel2000/laravel2000/vendor/laravel/framework/src/Illuminate/Queue/Worker.php(384): Illuminate\\Queue\\Worker->process('database', Object(Illuminate\\Queue\\Jobs\\DatabaseJob), Object(Illuminate\\Queue\\WorkerOptions))
#7 /Users/nomoreerrors/Documents/Afanasev-laravel/Laravel2000/laravel2000/vendor/laravel/framework/src/Illuminate/Queue/Worker.php(328): Illuminate\\Queue\\Worker->runJob(Object(Illuminate\\Queue\\Jobs\\DatabaseJob), 'database', Object(Illuminate\\Queue\\WorkerOptions))
#8 /Users/nomoreerrors/Documents/Afanasev-laravel/Laravel2000/laravel2000/vendor/laravel/framework/src/Illuminate/Queue/Console/WorkCommand.php(136): Illuminate\\Queue\\Worker->runNextJob('database', 'generate-catalo...', Object(Illuminate\\Queue\\WorkerOptions))
#9 /Users/nomoreerrors/Documents/Afanasev-laravel/Laravel2000/laravel2000/vendor/laravel/framework/src/Illuminate/Queue/Console/WorkCommand.php(119): Illuminate\\Queue\\Console\\WorkCommand->runWorker('database', 'generate-catalo...')
#10 /Users/nomoreerrors/Documents/Afanasev-laravel/Laravel2000/laravel2000/vendor/laravel/framework/src/Illuminate/Container/BoundMethod.php(36): Illuminate\\Queue\\Console\\WorkCommand->handle()
#11 /Users/nomoreerrors/Documents/Afanasev-laravel/Laravel2000/laravel2000/vendor/laravel/framework/src/Illuminate/Container/Util.php(41): Illuminate\\Container\\BoundMethod::Illuminate\\Container\\{closure}()
#12 /Users/nomoreerrors/Documents/Afanasev-laravel/Laravel2000/laravel2000/vendor/laravel/framework/src/Illuminate/Container/BoundMethod.php(93): Illuminate\\Container\\Util::unwrapIfClosure(Object(Closure))
#13 /Users/nomoreerrors/Documents/Afanasev-laravel/Laravel2000/laravel2000/vendor/laravel/framework/src/Illuminate/Container/BoundMethod.php(35): Illuminate\\Container\\BoundMethod::callBoundMethod(Object(Illuminate\\Foundation\\Application), Array, Object(Closure))
#14 /Users/nomoreerrors/Documents/Afanasev-laravel/Laravel2000/laravel2000/vendor/laravel/framework/src/Illuminate/Container/Container.php(662): Illuminate\\Container\\BoundMethod::call(Object(Illuminate\\Foundation\\Application), Array, Array, NULL)
#15 /Users/nomoreerrors/Documents/Afanasev-laravel/Laravel2000/laravel2000/vendor/laravel/framework/src/Illuminate/Console/Command.php(194): Illuminate\\Container\\Container->call(Array)
#16 /Users/nomoreerrors/Documents/Afanasev-laravel/Laravel2000/laravel2000/vendor/symfony/console/Command/Command.php(312): Illuminate\\Console\\Command->execute(Object(Symfony\\Component\\Console\\Input\\ArgvInput), Object(Illuminate\\Console\\OutputStyle))
#17 /Users/nomoreerrors/Documents/Afanasev-laravel/Laravel2000/laravel2000/vendor/laravel/framework/src/Illuminate/Console/Command.php(163): Symfony\\Component\\Console\\Command\\Command->run(Object(Symfony\\Component\\Console\\Input\\ArgvInput), Object(Illuminate\\Console\\OutputStyle))
#18 /Users/nomoreerrors/Documents/Afanasev-laravel/Laravel2000/laravel2000/vendor/symfony/console/Application.php(1040): Illuminate\\Console\\Command->run(Object(Symfony\\Component\\Console\\Input\\ArgvInput), Object(Symfony\\Component\\Console\\Output\\ConsoleOutput))
#19 /Users/nomoreerrors/Documents/Afanasev-laravel/Laravel2000/laravel2000/vendor/symfony/console/Application.php(314): Symfony\\Component\\Console\\Application->doRunCommand(Object(Illuminate\\Queue\\Console\\WorkCommand), Object(Symfony\\Component\\Console\\Input\\ArgvInput), Object(Symfony\\Component\\Console\\Output\\ConsoleOutput))
#20 /Users/nomoreerrors/Documents/Afanasev-laravel/Laravel2000/laravel2000/vendor/symfony/console/Application.php(168): Symfony\\Component\\Console\\Application->doRun(Object(Symfony\\Component\\Console\\Input\\ArgvInput), Object(Symfony\\Component\\Console\\Output\\ConsoleOutput))
#21 /Users/nomoreerrors/Documents/Afanasev-laravel/Laravel2000/laravel2000/vendor/laravel/framework/src/Illuminate/Foundation/Console/Kernel.php(200): Symfony\\Component\\Console\\Application->run(Object(Symfony\\Component\\Console\\Input\\ArgvInput), Object(Symfony\\Component\\Console\\Output\\ConsoleOutput))
#22 /Users/nomoreerrors/Documents/Afanasev-laravel/Laravel2000/laravel2000/artisan(35): Illuminate\\Foundation\\Console\\Kernel->handle(Object(Symfony\\Component\\Console\\Input\\ArgvInput), Object(Symfony\\Component\\Console\\Output\\ConsoleOutput))
#23 {main}
"} 
[2023-05-28 12:24:25] local.INFO: done!App\Jobs\GenerateCatalog\GenerateCatalogCacheJob  
[2023-05-28 12:24:25] local.ERROR: Attempt to assign property "chained" on array {"exception":"[object] (Error(code: 0): Attempt to assign property \"chained\" on array at /Users/nomoreerrors/Documents/Afanasev-laravel/Laravel2000/laravel2000/vendor/laravel/framework/src/Illuminate/Bus/Queueable.php:252)
[stacktrace]
#0 /Users/nomoreerrors/Documents/Afanasev-laravel/Laravel2000/laravel2000/vendor/laravel/framework/src/Illuminate/Support/helpers.php(306): App\\Jobs\\GenerateCatalog\\AbstractJob->Illuminate\\Bus\\{closure}(Array)
#1 /Users/nomoreerrors/Documents/Afanasev-laravel/Laravel2000/laravel2000/vendor/laravel/framework/src/Illuminate/Bus/Queueable.php(251): tap(Array, Object(Closure))
#2 /Users/nomoreerrors/Documents/Afanasev-laravel/Laravel2000/laravel2000/vendor/laravel/framework/src/Illuminate/Queue/CallQueuedHandler.php(172): App\\Jobs\\GenerateCatalog\\AbstractJob->dispatchNextJobInChain()
#3 /Users/nomoreerrors/Documents/Afanasev-laravel/Laravel2000/laravel2000/vendor/laravel/framework/src/Illuminate/Queue/CallQueuedHandler.php(77): Illuminate\\Queue\\CallQueuedHandler->ensureNextJobInChainIsDispatched(Object(App\\Jobs\\GenerateCatalog\\GenerateCatalogCacheJob))
#4 /Users/nomoreerrors/Documents/Afanasev-laravel/Laravel2000/laravel2000/vendor/laravel/framework/src/Illuminate/Queue/Jobs/Job.php(98): Illuminate\\Queue\\CallQueuedHandler->call(Object(Illuminate\\Queue\\Jobs\\DatabaseJob), Array)
#5 /Users/nomoreerrors/Documents/Afanasev-laravel/Laravel2000/laravel2000/vendor/laravel/framework/src/Illuminate/Queue/Worker.php(434): Illuminate\\Queue\\Jobs\\Job->fire()
#6 /Users/nomoreerrors/Documents/Afanasev-laravel/Laravel2000/laravel2000/vendor/laravel/framework/src/Illuminate/Queue/Worker.php(384): Illuminate\\Queue\\Worker->process('database', Object(Illuminate\\Queue\\Jobs\\DatabaseJob), Object(Illuminate\\Queue\\WorkerOptions))
#7 /Users/nomoreerrors/Documents/Afanasev-laravel/Laravel2000/laravel2000/vendor/laravel/framework/src/Illuminate/Queue/Worker.php(328): Illuminate\\Queue\\Worker->runJob(Object(Illuminate\\Queue\\Jobs\\DatabaseJob), 'database', Object(Illuminate\\Queue\\WorkerOptions))
#8 /Users/nomoreerrors/Documents/Afanasev-laravel/Laravel2000/laravel2000/vendor/laravel/framework/src/Illuminate/Queue/Console/WorkCommand.php(136): Illuminate\\Queue\\Worker->runNextJob('database', 'generate-catalo...', Object(Illuminate\\Queue\\WorkerOptions))
#9 /Users/nomoreerrors/Documents/Afanasev-laravel/Laravel2000/laravel2000/vendor/laravel/framework/src/Illuminate/Queue/Console/WorkCommand.php(119): Illuminate\\Queue\\Console\\WorkCommand->runWorker('database', 'generate-catalo...')
#10 /Users/nomoreerrors/Documents/Afanasev-laravel/Laravel2000/laravel2000/vendor/laravel/framework/src/Illuminate/Container/BoundMethod.php(36): Illuminate\\Queue\\Console\\WorkCommand->handle()
#11 /Users/nomoreerrors/Documents/Afanasev-laravel/Laravel2000/laravel2000/vendor/laravel/framework/src/Illuminate/Container/Util.php(41): Illuminate\\Container\\BoundMethod::Illuminate\\Container\\{closure}()
#12 /Users/nomoreerrors/Documents/Afanasev-laravel/Laravel2000/laravel2000/vendor/laravel/framework/src/Illuminate/Container/BoundMethod.php(93): Illuminate\\Container\\Util::unwrapIfClosure(Object(Closure))
#13 /Users/nomoreerrors/Documents/Afanasev-laravel/Laravel2000/laravel2000/vendor/laravel/framework/src/Illuminate/Container/BoundMethod.php(35): Illuminate\\Container\\BoundMethod::callBoundMethod(Object(Illuminate\\Foundation\\Application), Array, Object(Closure))
#14 /Users/nomoreerrors/Documents/Afanasev-laravel/Laravel2000/laravel2000/vendor/laravel/framework/src/Illuminate/Container/Container.php(662): Illuminate\\Container\\BoundMethod::call(Object(Illuminate\\Foundation\\Application), Array, Array, NULL)
#15 /Users/nomoreerrors/Documents/Afanasev-laravel/Laravel2000/laravel2000/vendor/laravel/framework/src/Illuminate/Console/Command.php(194): Illuminate\\Container\\Container->call(Array)
#16 /Users/nomoreerrors/Documents/Afanasev-laravel/Laravel2000/laravel2000/vendor/symfony/console/Command/Command.php(312): Illuminate\\Console\\Command->execute(Object(Symfony\\Component\\Console\\Input\\ArgvInput), Object(Illuminate\\Console\\OutputStyle))
#17 /Users/nomoreerrors/Documents/Afanasev-laravel/Laravel2000/laravel2000/vendor/laravel/framework/src/Illuminate/Console/Command.php(163): Symfony\\Component\\Console\\Command\\Command->run(Object(Symfony\\Component\\Console\\Input\\ArgvInput), Object(Illuminate\\Console\\OutputStyle))
#18 /Users/nomoreerrors/Documents/Afanasev-laravel/Laravel2000/laravel2000/vendor/symfony/console/Application.php(1040): Illuminate\\Console\\Command->run(Object(Symfony\\Component\\Console\\Input\\ArgvInput), Object(Symfony\\Component\\Console\\Output\\ConsoleOutput))
#19 /Users/nomoreerrors/Documents/Afanasev-laravel/Laravel2000/laravel2000/vendor/symfony/console/Application.php(314): Symfony\\Component\\Console\\Application->doRunCommand(Object(Illuminate\\Queue\\Console\\WorkCommand), Object(Symfony\\Component\\Console\\Input\\ArgvInput), Object(Symfony\\Component\\Console\\Output\\ConsoleOutput))
#20 /Users/nomoreerrors/Documents/Afanasev-laravel/Laravel2000/laravel2000/vendor/symfony/console/Application.php(168): Symfony\\Component\\Console\\Application->doRun(Object(Symfony\\Component\\Console\\Input\\ArgvInput), Object(Symfony\\Component\\Console\\Output\\ConsoleOutput))
#21 /Users/nomoreerrors/Documents/Afanasev-laravel/Laravel2000/laravel2000/vendor/laravel/framework/src/Illuminate/Foundation/Console/Kernel.php(200): Symfony\\Component\\Console\\Application->run(Object(Symfony\\Component\\Console\\Input\\ArgvInput), Object(Symfony\\Component\\Console\\Output\\ConsoleOutput))
#22 /Users/nomoreerrors/Documents/Afanasev-laravel/Laravel2000/laravel2000/artisan(35): Illuminate\\Foundation\\Console\\Kernel->handle(Object(Symfony\\Component\\Console\\Input\\ArgvInput), Object(Symfony\\Component\\Console\\Output\\ConsoleOutput))
#23 {main}
"} 
[2023-05-28 12:24:25] local.INFO: done!App\Jobs\GenerateCatalog\GenerateCatalogCacheJob  
[2023-05-28 12:24:25] local.ERROR: Attempt to assign property "chained" on array {"exception":"[object] (Error(code: 0): Attempt to assign property \"chained\" on array at /Users/nomoreerrors/Documents/Afanasev-laravel/Laravel2000/laravel2000/vendor/laravel/framework/src/Illuminate/Bus/Queueable.php:252)
[stacktrace]
#0 /Users/nomoreerrors/Documents/Afanasev-laravel/Laravel2000/laravel2000/vendor/laravel/framework/src/Illuminate/Support/helpers.php(306): App\\Jobs\\GenerateCatalog\\AbstractJob->Illuminate\\Bus\\{closure}(Array)
#1 /Users/nomoreerrors/Documents/Afanasev-laravel/Laravel2000/laravel2000/vendor/laravel/framework/src/Illuminate/Bus/Queueable.php(251): tap(Array, Object(Closure))
#2 /Users/nomoreerrors/Documents/Afanasev-laravel/Laravel2000/laravel2000/vendor/laravel/framework/src/Illuminate/Queue/CallQueuedHandler.php(172): App\\Jobs\\GenerateCatalog\\AbstractJob->dispatchNextJobInChain()
#3 /Users/nomoreerrors/Documents/Afanasev-laravel/Laravel2000/laravel2000/vendor/laravel/framework/src/Illuminate/Queue/CallQueuedHandler.php(77): Illuminate\\Queue\\CallQueuedHandler->ensureNextJobInChainIsDispatched(Object(App\\Jobs\\GenerateCatalog\\GenerateCatalogCacheJob))
#4 /Users/nomoreerrors/Documents/Afanasev-laravel/Laravel2000/laravel2000/vendor/laravel/framework/src/Illuminate/Queue/Jobs/Job.php(98): Illuminate\\Queue\\CallQueuedHandler->call(Object(Illuminate\\Queue\\Jobs\\DatabaseJob), Array)
#5 /Users/nomoreerrors/Documents/Afanasev-laravel/Laravel2000/laravel2000/vendor/laravel/framework/src/Illuminate/Queue/Worker.php(434): Illuminate\\Queue\\Jobs\\Job->fire()
#6 /Users/nomoreerrors/Documents/Afanasev-laravel/Laravel2000/laravel2000/vendor/laravel/framework/src/Illuminate/Queue/Worker.php(384): Illuminate\\Queue\\Worker->process('database', Object(Illuminate\\Queue\\Jobs\\DatabaseJob), Object(Illuminate\\Queue\\WorkerOptions))
#7 /Users/nomoreerrors/Documents/Afanasev-laravel/Laravel2000/laravel2000/vendor/laravel/framework/src/Illuminate/Queue/Worker.php(328): Illuminate\\Queue\\Worker->runJob(Object(Illuminate\\Queue\\Jobs\\DatabaseJob), 'database', Object(Illuminate\\Queue\\WorkerOptions))
#8 /Users/nomoreerrors/Documents/Afanasev-laravel/Laravel2000/laravel2000/vendor/laravel/framework/src/Illuminate/Queue/Console/WorkCommand.php(136): Illuminate\\Queue\\Worker->runNextJob('database', 'generate-catalo...', Object(Illuminate\\Queue\\WorkerOptions))
#9 /Users/nomoreerrors/Documents/Afanasev-laravel/Laravel2000/laravel2000/vendor/laravel/framework/src/Illuminate/Queue/Console/WorkCommand.php(119): Illuminate\\Queue\\Console\\WorkCommand->runWorker('database', 'generate-catalo...')
#10 /Users/nomoreerrors/Documents/Afanasev-laravel/Laravel2000/laravel2000/vendor/laravel/framework/src/Illuminate/Container/BoundMethod.php(36): Illuminate\\Queue\\Console\\WorkCommand->handle()
#11 /Users/nomoreerrors/Documents/Afanasev-laravel/Laravel2000/laravel2000/vendor/laravel/framework/src/Illuminate/Container/Util.php(41): Illuminate\\Container\\BoundMethod::Illuminate\\Container\\{closure}()
#12 /Users/nomoreerrors/Documents/Afanasev-laravel/Laravel2000/laravel2000/vendor/laravel/framework/src/Illuminate/Container/BoundMethod.php(93): Illuminate\\Container\\Util::unwrapIfClosure(Object(Closure))
#13 /Users/nomoreerrors/Documents/Afanasev-laravel/Laravel2000/laravel2000/vendor/laravel/framework/src/Illuminate/Container/BoundMethod.php(35): Illuminate\\Container\\BoundMethod::callBoundMethod(Object(Illuminate\\Foundation\\Application), Array, Object(Closure))
#14 /Users/nomoreerrors/Documents/Afanasev-laravel/Laravel2000/laravel2000/vendor/laravel/framework/src/Illuminate/Container/Container.php(662): Illuminate\\Container\\BoundMethod::call(Object(Illuminate\\Foundation\\Application), Array, Array, NULL)
#15 /Users/nomoreerrors/Documents/Afanasev-laravel/Laravel2000/laravel2000/vendor/laravel/framework/src/Illuminate/Console/Command.php(194): Illuminate\\Container\\Container->call(Array)
#16 /Users/nomoreerrors/Documents/Afanasev-laravel/Laravel2000/laravel2000/vendor/symfony/console/Command/Command.php(312): Illuminate\\Console\\Command->execute(Object(Symfony\\Component\\Console\\Input\\ArgvInput), Object(Illuminate\\Console\\OutputStyle))
#17 /Users/nomoreerrors/Documents/Afanasev-laravel/Laravel2000/laravel2000/vendor/laravel/framework/src/Illuminate/Console/Command.php(163): Symfony\\Component\\Console\\Command\\Command->run(Object(Symfony\\Component\\Console\\Input\\ArgvInput), Object(Illuminate\\Console\\OutputStyle))
#18 /Users/nomoreerrors/Documents/Afanasev-laravel/Laravel2000/laravel2000/vendor/symfony/console/Application.php(1040): Illuminate\\Console\\Command->run(Object(Symfony\\Component\\Console\\Input\\ArgvInput), Object(Symfony\\Component\\Console\\Output\\ConsoleOutput))
#19 /Users/nomoreerrors/Documents/Afanasev-laravel/Laravel2000/laravel2000/vendor/symfony/console/Application.php(314): Symfony\\Component\\Console\\Application->doRunCommand(Object(Illuminate\\Queue\\Console\\WorkCommand), Object(Symfony\\Component\\Console\\Input\\ArgvInput), Object(Symfony\\Component\\Console\\Output\\ConsoleOutput))
#20 /Users/nomoreerrors/Documents/Afanasev-laravel/Laravel2000/laravel2000/vendor/symfony/console/Application.php(168): Symfony\\Component\\Console\\Application->doRun(Object(Symfony\\Component\\Console\\Input\\ArgvInput), Object(Symfony\\Component\\Console\\Output\\ConsoleOutput))
#21 /Users/nomoreerrors/Documents/Afanasev-laravel/Laravel2000/laravel2000/vendor/laravel/framework/src/Illuminate/Foundation/Console/Kernel.php(200): Symfony\\Component\\Console\\Application->run(Object(Symfony\\Component\\Console\\Input\\ArgvInput), Object(Symfony\\Component\\Console\\Output\\ConsoleOutput))
#22 /Users/nomoreerrors/Documents/Afanasev-laravel/Laravel2000/laravel2000/artisan(35): Illuminate\\Foundation\\Console\\Kernel->handle(Object(Symfony\\Component\\Console\\Input\\ArgvInput), Object(Symfony\\Component\\Console\\Output\\ConsoleOutput))
#23 {main}
"} 
[2023-05-28 12:33:32] local.INFO: start!App\Jobs\GenerateCatalog\GenerateCatalogMainJob  
[2023-05-28 12:33:33] local.INFO: это файлнум:1А это продуктнам:{"0":"Phone","Paper":"500$","chair":"100$"}  
[2023-05-28 12:33:33] local.INFO: это файлнум:2А это продуктнам:{"sofa":"200$","table":"300$","TV":"5440$"}  
[2023-05-28 12:33:33] local.INFO: это файлнум:3А это продуктнам:{"mouse":"100$","Computer":"200$","adapter":"540$"}  
[2023-05-28 12:33:33] local.INFO: это файлнум:4А это продуктнам:{"pipe":"566$"}  
[2023-05-28 12:34:05] local.INFO: start!App\Jobs\GenerateCatalog\GenerateCatalogMainJob  
[2023-05-28 12:34:06] local.INFO: это файлнум:1А это продуктнам:{"0":"Phone","Paper":"500$","chair":"100$"}  
[2023-05-28 12:34:06] local.INFO: это файлнум:2А это продуктнам:{"sofa":"200$","table":"300$","TV":"5440$"}  
[2023-05-28 12:34:06] local.INFO: это файлнум:3А это продуктнам:{"mouse":"100$","Computer":"200$","adapter":"540$"}  
[2023-05-28 12:34:06] local.INFO: это файлнум:4А это продуктнам:{"pipe":"566$"}  
[2023-05-28 12:34:39] local.INFO: start!App\Jobs\GenerateCatalog\GenerateCatalogMainJob  
[2023-05-28 12:34:39] local.INFO: это файлнум:1А это продуктнам:{"0":"Phone","Paper":"500$","chair":"100$"}  
[2023-05-28 12:34:40] local.INFO: это файлнум:2А это продуктнам:{"sofa":"200$","table":"300$","TV":"5440$"}  
[2023-05-28 12:34:40] local.INFO: это файлнум:3А это продуктнам:{"mouse":"100$","Computer":"200$","adapter":"540$"}  
[2023-05-28 12:34:40] local.INFO: это файлнум:4А это продуктнам:{"pipe":"566$"}  
[2023-05-28 12:34:40] local.INFO: done!App\Jobs\GenerateCatalog\GenerateCategoriesJob  
[2023-05-28 12:34:40] local.INFO: done!App\Jobs\GenerateCatalog\GenerateDeliveriesJob  
[2023-05-28 12:34:40] local.INFO: done!App\Jobs\GenerateCatalog\GeneratePointsJob  
[2023-05-28 12:34:40] local.INFO: done!App\Jobs\GenerateCatalog\ArchiveUploadsJob  
[2023-05-28 12:34:40] local.INFO: done!App\Jobs\GenerateCatalog\SendPriceRequestJob  
[2023-05-28 12:34:41] local.INFO: done!App\Jobs\GenerateCatalog\GenerateGoodsFileJob  
